2019-03-20 14:01:48 12572 [Note] Plugin 'FEDERATED' is disabled.
2019-03-20 14:01:48 12572 [Note] InnoDB: The InnoDB memory heap is disabled
2019-03-20 14:01:48 12572 [Note] InnoDB: Mutexes and rw_locks use Windows interlocked functions
2019-03-20 14:01:48 12572 [Note] InnoDB: Compressed tables use zlib 1.2.3
2019-03-20 14:01:48 12572 [Note] InnoDB: Not using CPU crc32 instructions
2019-03-20 14:01:48 12572 [Note] InnoDB: Initializing buffer pool, size = 128.0M
2019-03-20 14:01:48 12572 [Note] InnoDB: Completed initialization of buffer pool
2019-03-20 14:01:49 12572 [Note] InnoDB: Highest supported file format is Barracuda.
2019-03-20 14:01:49 12572 [Note] InnoDB: The log sequence numbers 1626926 and 1626926 in ibdata files do not match the log sequence number 1627026 in the ib_logfiles!
2019-03-20 14:01:49 12572 [Note] InnoDB: Database was not shutdown normally!
2019-03-20 14:01:49 12572 [Note] InnoDB: Starting crash recovery.
2019-03-20 14:01:49 12572 [Note] InnoDB: Reading tablespace information from the .ibd files...
2019-03-20 14:01:49 12572 [Note] InnoDB: Restoring possible half-written data pages 
2019-03-20 14:01:49 12572 [Note] InnoDB: from the doublewrite buffer...
2019-03-20 14:01:49 12572 [Note] InnoDB: 128 rollback segment(s) are active.
2019-03-20 14:01:49 12572 [Note] InnoDB: Waiting for purge to start
2019-03-20 14:01:49 12572 [Note] InnoDB: 5.6.13 started; log sequence number 1627026
2019-03-20 14:01:49 12572 [Note] Server hostname (bind-address): '*'; port: 3307
2019-03-20 14:01:49 12572 [Note] IPv6 is available.
2019-03-20 14:01:49 12572 [Note]   - '::' resolves to '::';
2019-03-20 14:01:49 12572 [Note] Server socket created on IP: '::'.
2019-03-20 16:58:53 8656 [Note] Plugin 'FEDERATED' is disabled.
2019-03-20 16:58:53 8656 [Note] InnoDB: The InnoDB memory heap is disabled
2019-03-20 16:58:53 8656 [Note] InnoDB: Mutexes and rw_locks use Windows interlocked functions
2019-03-20 16:58:53 8656 [Note] InnoDB: Compressed tables use zlib 1.2.3
2019-03-20 16:58:53 8656 [Note] InnoDB: Not using CPU crc32 instructions
2019-03-20 16:58:53 8656 [Note] InnoDB: Initializing buffer pool, size = 128.0M
2019-03-20 16:58:53 8656 [Note] InnoDB: Completed initialization of buffer pool
2019-03-20 16:58:53 8656 [Note] InnoDB: Highest supported file format is Barracuda.
2019-03-20 16:58:53 8656 [Note] InnoDB: The log sequence numbers 1626926 and 1626926 in ibdata files do not match the log sequence number 1627046 in the ib_logfiles!
2019-03-20 16:58:53 8656 [Note] InnoDB: Database was not shutdown normally!
2019-03-20 16:58:53 8656 [Note] InnoDB: Starting crash recovery.
2019-03-20 16:58:53 8656 [Note] InnoDB: Reading tablespace information from the .ibd files...
2019-03-20 16:58:54 8656 [Note] InnoDB: Restoring possible half-written data pages 
2019-03-20 16:58:54 8656 [Note] InnoDB: from the doublewrite buffer...
2019-03-20 16:58:57 8656 [Note] InnoDB: 128 rollback segment(s) are active.
2019-03-20 16:58:57 8656 [Note] InnoDB: Waiting for purge to start
2019-03-20 16:58:57 8656 [Note] InnoDB: 5.6.13 started; log sequence number 1627046
2019-03-20 16:58:57 8656 [Note] Server hostname (bind-address): '*'; port: 3307
2019-03-20 16:58:57 8656 [Note] IPv6 is available.
2019-03-20 16:58:57 8656 [Note]   - '::' resolves to '::';
2019-03-20 16:58:57 8656 [Note] Server socket created on IP: '::'.
2019-03-20 16:58:57 8656 [ERROR] Can't start server: Bind on TCP/IP port: No such file or directory
2019-03-20 16:58:57 8656 [ERROR] Do you already have another mysqld server running on port: 3307 ?
2019-03-20 16:58:57 8656 [ERROR] Aborting

2019-03-20 16:58:57 8656 [Note] Binlog end
2019-03-20 16:58:57 8656 [Note] Shutting down plugin 'partition'
2019-03-20 16:58:57 8656 [Note] Shutting down plugin 'PERFORMANCE_SCHEMA'
2019-03-20 16:58:57 8656 [Note] Shutting down plugin 'INNODB_SYS_DATAFILES'
2019-03-20 16:58:57 8656 [Note] Shutting down plugin 'INNODB_SYS_TABLESPACES'
2019-03-20 16:58:57 8656 [Note] Shutting down plugin 'INNODB_SYS_FOREIGN_COLS'
2019-03-20 16:58:57 8656 [Note] Shutting down plugin 'INNODB_SYS_FOREIGN'
2019-03-20 16:58:58 8656 [Note] Shutting down plugin 'INNODB_SYS_FIELDS'
2019-03-20 16:58:58 8656 [Note] Shutting down plugin 'INNODB_SYS_COLUMNS'
2019-03-20 16:58:58 8656 [Note] Shutting down plugin 'INNODB_SYS_INDEXES'
2019-03-20 16:58:58 8656 [Note] Shutting down plugin 'INNODB_SYS_TABLESTATS'
2019-03-20 16:58:58 8656 [Note] Shutting down plugin 'INNODB_SYS_TABLES'
2019-03-20 16:58:58 8656 [Note] Shutting down plugin 'INNODB_FT_INDEX_TABLE'
2019-03-20 16:58:58 8656 [Note] Shutting down plugin 'INNODB_FT_INDEX_CACHE'
2019-03-20 16:58:58 8656 [Note] Shutting down plugin 'INNODB_FT_CONFIG'
2019-03-20 16:58:58 8656 [Note] Shutting down plugin 'INNODB_FT_BEING_DELETED'
2019-03-20 16:58:58 8656 [Note] Shutting down plugin 'INNODB_FT_DELETED'
2019-03-20 16:58:58 8656 [Note] Shutting down plugin 'INNODB_FT_DEFAULT_STOPWORD'
2019-03-20 16:58:58 8656 [Note] Shutting down plugin 'INNODB_METRICS'
2019-03-20 16:58:58 8656 [Note] Shutting down plugin 'INNODB_BUFFER_POOL_STATS'
2019-03-20 16:58:58 8656 [Note] Shutting down plugin 'INNODB_BUFFER_PAGE_LRU'
2019-03-20 16:58:58 8656 [Note] Shutting down plugin 'INNODB_BUFFER_PAGE'
2019-03-20 16:58:58 8656 [Note] Shutting down plugin 'INNODB_CMP_PER_INDEX_RESET'
2019-03-20 16:58:58 8656 [Note] Shutting down plugin 'INNODB_CMP_PER_INDEX'
2019-03-20 16:58:58 8656 [Note] Shutting down plugin 'INNODB_CMPMEM_RESET'
2019-03-20 16:58:58 8656 [Note] Shutting down plugin 'INNODB_CMPMEM'
2019-03-20 16:58:58 8656 [Note] Shutting down plugin 'INNODB_CMP_RESET'
2019-03-20 16:58:58 8656 [Note] Shutting down plugin 'INNODB_CMP'
2019-03-20 16:58:58 8656 [Note] Shutting down plugin 'INNODB_LOCK_WAITS'
2019-03-20 16:58:58 8656 [Note] Shutting down plugin 'INNODB_LOCKS'
2019-03-20 16:58:58 8656 [Note] Shutting down plugin 'INNODB_TRX'
2019-03-20 16:58:58 8656 [Note] Shutting down plugin 'InnoDB'
2019-03-20 16:58:58 8656 [Note] InnoDB: FTS optimize thread exiting.
2019-03-20 16:58:58 8656 [Note] InnoDB: Starting shutdown...
2019-03-20 16:58:59 8656 [Note] InnoDB: Shutdown completed; log sequence number 1627056
2019-03-20 16:58:59 8656 [Note] Shutting down plugin 'BLACKHOLE'
2019-03-20 16:58:59 8656 [Note] Shutting down plugin 'ARCHIVE'
2019-03-20 16:58:59 8656 [Note] Shutting down plugin 'MRG_MYISAM'
2019-03-20 16:58:59 8656 [Note] Shutting down plugin 'MyISAM'
2019-03-20 16:58:59 8656 [Note] Shutting down plugin 'MEMORY'
2019-03-20 16:58:59 8656 [Note] Shutting down plugin 'CSV'
2019-03-20 16:58:59 8656 [Note] Shutting down plugin 'sha256_password'
2019-03-20 16:58:59 8656 [Note] Shutting down plugin 'mysql_old_password'
2019-03-20 16:58:59 8656 [Note] Shutting down plugin 'mysql_native_password'
2019-03-20 16:58:59 8656 [Note] Shutting down plugin 'binlog'
2019-03-20 16:58:59 8656 [Note] D:\server/mysql/bin/mysqld_usbwv8.exe: Shutdown complete

2019-03-20 17:22:02 10436 [Note] Plugin 'FEDERATED' is disabled.
2019-03-20 17:22:02 10436 [Note] InnoDB: The InnoDB memory heap is disabled
2019-03-20 17:22:02 10436 [Note] InnoDB: Mutexes and rw_locks use Windows interlocked functions
2019-03-20 17:22:02 10436 [Note] InnoDB: Compressed tables use zlib 1.2.3
2019-03-20 17:22:02 10436 [Note] InnoDB: Not using CPU crc32 instructions
2019-03-20 17:22:02 10436 [Note] InnoDB: Initializing buffer pool, size = 128.0M
2019-03-20 17:22:02 10436 [Note] InnoDB: Completed initialization of buffer pool
2019-03-20 17:22:02 10436 [Note] InnoDB: Highest supported file format is Barracuda.
2019-03-20 17:22:03 10436 [Note] InnoDB: 128 rollback segment(s) are active.
2019-03-20 17:22:03 10436 [Note] InnoDB: Waiting for purge to start
2019-03-20 17:22:03 10436 [Note] InnoDB: 5.6.13 started; log sequence number 1627056
2019-03-20 17:22:03 10436 [Note] Server hostname (bind-address): '*'; port: 3307
2019-03-20 17:22:03 10436 [Note] IPv6 is available.
2019-03-20 17:22:03 10436 [Note]   - '::' resolves to '::';
2019-03-20 17:22:03 10436 [Note] Server socket created on IP: '::'.
2019-03-20 17:22:04 10436 [Note] Event Scheduler: Loaded 0 events
2019-03-20 17:22:04 10436 [Note] D:\server/mysql/bin/mysqld_usbwv8.exe: ready for connections.
Version: '5.6.13'  socket: ''  port: 3307  MySQL Community Server (GPL)
