2019-03-18 13:43:53 4440 [Note] Plugin 'FEDERATED' is disabled.
2019-03-18 13:43:53 4440 [Note] InnoDB: The InnoDB memory heap is disabled
2019-03-18 13:43:53 4440 [Note] InnoDB: Mutexes and rw_locks use Windows interlocked functions
2019-03-18 13:43:53 4440 [Note] InnoDB: Compressed tables use zlib 1.2.3
2019-03-18 13:43:53 4440 [Note] InnoDB: Not using CPU crc32 instructions
2019-03-18 13:43:53 4440 [Note] InnoDB: Initializing buffer pool, size = 128.0M
2019-03-18 13:43:53 4440 [Note] InnoDB: Completed initialization of buffer pool
2019-03-18 13:43:53 4440 [Note] InnoDB: Setting log file E:\server\mysql\data\ib_logfile101 size to 5 MB
2019-03-18 13:43:55 4440 [Note] InnoDB: Setting log file E:\server\mysql\data\ib_logfile1 size to 5 MB
2019-03-18 13:43:57 4440 [Note] InnoDB: Renaming log file E:\server\mysql\data\ib_logfile101 to E:\server\mysql\data\ib_logfile0
2019-03-18 13:43:57 4440 [Warning] InnoDB: New log files created, LSN=1626134
2019-03-18 13:43:57 4440 [Note] InnoDB: Highest supported file format is Barracuda.
2019-03-18 13:43:58 4440 [Note] InnoDB: 128 rollback segment(s) are active.
2019-03-18 13:43:58 4440 [Note] InnoDB: Waiting for purge to start
2019-03-18 13:43:58 4440 [Note] InnoDB: 5.6.13 started; log sequence number 1626636
2019-03-18 13:43:58 4440 [Warning] No existing UUID has been found, so we assume that this is the first time that this server has been started. Generating a new UUID: 68af79b3-49a5-11e9-8317-025041000001.
2019-03-18 13:43:58 4440 [Note] Server hostname (bind-address): '*'; port: 3307
2019-03-18 13:43:58 4440 [Note] IPv6 is available.
2019-03-18 13:43:58 4440 [Note]   - '::' resolves to '::';
2019-03-18 13:43:58 4440 [Note] Server socket created on IP: '::'.
2019-03-18 13:44:00 4440 [Note] Event Scheduler: Loaded 0 events
2019-03-18 13:44:00 4440 [Note] E:\server/mysql/bin/mysqld_usbwv8.exe: ready for connections.
Version: '5.6.13'  socket: ''  port: 3307  MySQL Community Server (GPL)
2019-03-18 13:45:11 15712 [Note] Plugin 'FEDERATED' is disabled.
2019-03-18 13:45:11 15712 [Note] InnoDB: The InnoDB memory heap is disabled
2019-03-18 13:45:11 15712 [Note] InnoDB: Mutexes and rw_locks use Windows interlocked functions
2019-03-18 13:45:11 15712 [Note] InnoDB: Compressed tables use zlib 1.2.3
2019-03-18 13:45:11 15712 [Note] InnoDB: Not using CPU crc32 instructions
2019-03-18 13:45:11 15712 [Note] InnoDB: Initializing buffer pool, size = 128.0M
2019-03-18 13:45:11 15712 [Note] InnoDB: Completed initialization of buffer pool
2019-03-18 13:45:11 15712 [Note] InnoDB: Highest supported file format is Barracuda.
2019-03-18 13:45:11 15712 [Note] InnoDB: The log sequence numbers 1626134 and 1626134 in ibdata files do not match the log sequence number 1626646 in the ib_logfiles!
2019-03-18 13:45:11 15712 [Note] InnoDB: Database was not shutdown normally!
2019-03-18 13:45:11 15712 [Note] InnoDB: Starting crash recovery.
2019-03-18 13:45:11 15712 [Note] InnoDB: Reading tablespace information from the .ibd files...
2019-03-18 13:45:11 15712 [Note] InnoDB: Restoring possible half-written data pages 
2019-03-18 13:45:11 15712 [Note] InnoDB: from the doublewrite buffer...
2019-03-18 13:45:12 15712 [Note] InnoDB: 128 rollback segment(s) are active.
2019-03-18 13:45:12 15712 [Note] InnoDB: Waiting for purge to start
2019-03-18 13:45:12 15712 [Note] InnoDB: 5.6.13 started; log sequence number 1626646
2019-03-18 13:45:12 15712 [Note] Server hostname (bind-address): '*'; port: 3307
2019-03-18 13:45:12 15712 [Note] IPv6 is available.
2019-03-18 13:45:12 15712 [Note]   - '::' resolves to '::';
2019-03-18 13:45:12 15712 [Note] Server socket created on IP: '::'.
2019-03-18 13:45:12 15712 [Note] Event Scheduler: Loaded 0 events
2019-03-18 13:45:12 15712 [Note] E:\server/mysql/bin/mysqld_usbwv8.exe: ready for connections.
Version: '5.6.13'  socket: ''  port: 3307  MySQL Community Server (GPL)
2019-03-18 13:59:08 12776 [Note] Plugin 'FEDERATED' is disabled.
2019-03-18 13:59:08 12776 [Note] InnoDB: The InnoDB memory heap is disabled
2019-03-18 13:59:08 12776 [Note] InnoDB: Mutexes and rw_locks use Windows interlocked functions
2019-03-18 13:59:08 12776 [Note] InnoDB: Compressed tables use zlib 1.2.3
2019-03-18 13:59:08 12776 [Note] InnoDB: Not using CPU crc32 instructions
2019-03-18 13:59:08 12776 [Note] InnoDB: Initializing buffer pool, size = 128.0M
2019-03-18 13:59:08 12776 [Note] InnoDB: Completed initialization of buffer pool
2019-03-18 13:59:08 12776 [Note] InnoDB: Highest supported file format is Barracuda.
2019-03-18 13:59:08 12776 [Note] InnoDB: The log sequence numbers 1626134 and 1626134 in ibdata files do not match the log sequence number 1626656 in the ib_logfiles!
2019-03-18 13:59:08 12776 [Note] InnoDB: Database was not shutdown normally!
2019-03-18 13:59:08 12776 [Note] InnoDB: Starting crash recovery.
2019-03-18 13:59:08 12776 [Note] InnoDB: Reading tablespace information from the .ibd files...
2019-03-18 13:59:08 12776 [Note] InnoDB: Restoring possible half-written data pages 
2019-03-18 13:59:08 12776 [Note] InnoDB: from the doublewrite buffer...
2019-03-18 13:59:11 12776 [Note] InnoDB: 128 rollback segment(s) are active.
2019-03-18 13:59:11 12776 [Note] InnoDB: Waiting for purge to start
2019-03-18 13:59:11 12776 [Note] InnoDB: 5.6.13 started; log sequence number 1626656
2019-03-18 13:59:11 12776 [Note] Server hostname (bind-address): '*'; port: 3307
2019-03-18 13:59:11 12776 [Note] IPv6 is available.
2019-03-18 13:59:11 12776 [Note]   - '::' resolves to '::';
2019-03-18 13:59:11 12776 [Note] Server socket created on IP: '::'.
2019-03-18 13:59:11 12776 [Note] Event Scheduler: Loaded 0 events
2019-03-18 13:59:11 12776 [Note] E:\server/mysql/bin/mysqld_usbwv8.exe: ready for connections.
Version: '5.6.13'  socket: ''  port: 3307  MySQL Community Server (GPL)
2019-03-18 14:44:52 11176 [Note] Plugin 'FEDERATED' is disabled.
2019-03-18 14:44:52 11176 [Note] InnoDB: The InnoDB memory heap is disabled
2019-03-18 14:44:52 11176 [Note] InnoDB: Mutexes and rw_locks use Windows interlocked functions
2019-03-18 14:44:52 11176 [Note] InnoDB: Compressed tables use zlib 1.2.3
2019-03-18 14:44:52 11176 [Note] InnoDB: Not using CPU crc32 instructions
2019-03-18 14:44:52 11176 [Note] InnoDB: Initializing buffer pool, size = 128.0M
2019-03-18 14:44:52 11176 [Note] InnoDB: Completed initialization of buffer pool
2019-03-18 14:44:52 11176 [Note] InnoDB: Highest supported file format is Barracuda.
2019-03-18 14:44:52 11176 [Note] InnoDB: The log sequence numbers 1626134 and 1626134 in ibdata files do not match the log sequence number 1626666 in the ib_logfiles!
2019-03-18 14:44:52 11176 [Note] InnoDB: Database was not shutdown normally!
2019-03-18 14:44:52 11176 [Note] InnoDB: Starting crash recovery.
2019-03-18 14:44:52 11176 [Note] InnoDB: Reading tablespace information from the .ibd files...
2019-03-18 14:44:52 11176 [Note] InnoDB: Restoring possible half-written data pages 
2019-03-18 14:44:52 11176 [Note] InnoDB: from the doublewrite buffer...
2019-03-18 14:44:53 11176 [Note] InnoDB: 128 rollback segment(s) are active.
2019-03-18 14:44:53 11176 [Note] InnoDB: Waiting for purge to start
2019-03-18 14:44:53 11176 [Note] InnoDB: 5.6.13 started; log sequence number 1626666
2019-03-18 14:44:53 11176 [Note] Server hostname (bind-address): '*'; port: 3307
2019-03-18 14:44:53 11176 [Note] IPv6 is available.
2019-03-18 14:44:53 11176 [Note]   - '::' resolves to '::';
2019-03-18 14:44:53 11176 [Note] Server socket created on IP: '::'.
2019-03-18 14:44:57 12204 [Note] Plugin 'FEDERATED' is disabled.
2019-03-18 14:44:57 12204 [Note] InnoDB: The InnoDB memory heap is disabled
2019-03-18 14:44:57 12204 [Note] InnoDB: Mutexes and rw_locks use Windows interlocked functions
2019-03-18 14:44:57 12204 [Note] InnoDB: Compressed tables use zlib 1.2.3
2019-03-18 14:44:57 12204 [Note] InnoDB: Not using CPU crc32 instructions
2019-03-18 14:44:57 12204 [Note] InnoDB: Initializing buffer pool, size = 128.0M
2019-03-18 14:44:57 12204 [Note] InnoDB: Completed initialization of buffer pool
2019-03-18 14:44:57 12204 [ERROR] InnoDB: E:\server\mysql\data\ibdata1 can't be opened in read-write mode
2019-03-18 14:44:57 12204 [ERROR] InnoDB: The system tablespace must be writable!
2019-03-18 14:44:57 12204 [ERROR] Plugin 'InnoDB' init function returned error.
2019-03-18 14:44:57 12204 [ERROR] Plugin 'InnoDB' registration as a STORAGE ENGINE failed.
2019-03-18 14:44:57 12204 [ERROR] Unknown/unsupported storage engine: InnoDB
2019-03-18 14:44:57 12204 [ERROR] Aborting

2019-03-18 14:44:57 12204 [Note] Binlog end
2019-03-18 14:44:57 12204 [Note] Shutting down plugin 'partition'
2019-03-18 14:44:57 12204 [Note] Shutting down plugin 'PERFORMANCE_SCHEMA'
2019-03-18 14:44:57 12204 [Note] Shutting down plugin 'INNODB_SYS_DATAFILES'
2019-03-18 14:44:57 12204 [Note] Shutting down plugin 'INNODB_SYS_TABLESPACES'
2019-03-18 14:44:57 12204 [Note] Shutting down plugin 'INNODB_SYS_FOREIGN_COLS'
2019-03-18 14:44:57 12204 [Note] Shutting down plugin 'INNODB_SYS_FOREIGN'
2019-03-18 14:44:57 12204 [Note] Shutting down plugin 'INNODB_SYS_FIELDS'
2019-03-18 14:44:57 12204 [Note] Shutting down plugin 'INNODB_SYS_COLUMNS'
2019-03-18 14:44:57 12204 [Note] Shutting down plugin 'INNODB_SYS_INDEXES'
2019-03-18 14:44:57 12204 [Note] Shutting down plugin 'INNODB_SYS_TABLESTATS'
2019-03-18 14:44:57 12204 [Note] Shutting down plugin 'INNODB_SYS_TABLES'
2019-03-18 14:44:57 12204 [Note] Shutting down plugin 'INNODB_FT_INDEX_TABLE'
2019-03-18 14:44:57 12204 [Note] Shutting down plugin 'INNODB_FT_INDEX_CACHE'
2019-03-18 14:44:57 12204 [Note] Shutting down plugin 'INNODB_FT_CONFIG'
2019-03-18 14:44:57 12204 [Note] Shutting down plugin 'INNODB_FT_BEING_DELETED'
2019-03-18 14:44:57 12204 [Note] Shutting down plugin 'INNODB_FT_DELETED'
2019-03-18 14:44:57 12204 [Note] Shutting down plugin 'INNODB_FT_DEFAULT_STOPWORD'
2019-03-18 14:44:57 12204 [Note] Shutting down plugin 'INNODB_METRICS'
2019-03-18 14:44:57 12204 [Note] Shutting down plugin 'INNODB_BUFFER_POOL_STATS'
2019-03-18 14:44:57 12204 [Note] Shutting down plugin 'INNODB_BUFFER_PAGE_LRU'
2019-03-18 14:44:57 12204 [Note] Shutting down plugin 'INNODB_BUFFER_PAGE'
2019-03-18 14:44:57 12204 [Note] Shutting down plugin 'INNODB_CMP_PER_INDEX_RESET'
2019-03-18 14:44:57 12204 [Note] Shutting down plugin 'INNODB_CMP_PER_INDEX'
2019-03-18 14:44:57 12204 [Note] Shutting down plugin 'INNODB_CMPMEM_RESET'
2019-03-18 14:44:57 12204 [Note] Shutting down plugin 'INNODB_CMPMEM'
2019-03-18 14:44:57 12204 [Note] Shutting down plugin 'INNODB_CMP_RESET'
2019-03-18 14:44:57 12204 [Note] Shutting down plugin 'INNODB_CMP'
2019-03-18 14:44:57 12204 [Note] Shutting down plugin 'INNODB_LOCK_WAITS'
2019-03-18 14:44:57 12204 [Note] Shutting down plugin 'INNODB_LOCKS'
2019-03-18 14:44:57 12204 [Note] Shutting down plugin 'INNODB_TRX'
2019-03-18 14:44:57 12204 [Note] Shutting down plugin 'BLACKHOLE'
2019-03-18 14:44:57 12204 [Note] Shutting down plugin 'ARCHIVE'
2019-03-18 14:44:57 12204 [Note] Shutting down plugin 'MRG_MYISAM'
2019-03-18 14:44:57 12204 [Note] Shutting down plugin 'MyISAM'
2019-03-18 14:44:57 12204 [Note] Shutting down plugin 'MEMORY'
2019-03-18 14:44:57 12204 [Note] Shutting down plugin 'CSV'
2019-03-18 14:44:57 12204 [Note] Shutting down plugin 'sha256_password'
2019-03-18 14:44:57 12204 [Note] Shutting down plugin 'mysql_old_password'
2019-03-18 14:44:57 12204 [Note] Shutting down plugin 'mysql_native_password'
2019-03-18 14:44:57 12204 [Note] Shutting down plugin 'binlog'
2019-03-18 14:44:57 12204 [Note] E:\server/mysql/bin/mysqld_usbwv8.exe: Shutdown complete

2019-03-18 14:45:08 15212 [Note] Plugin 'FEDERATED' is disabled.
2019-03-18 14:45:08 15212 [Note] InnoDB: The InnoDB memory heap is disabled
2019-03-18 14:45:08 15212 [Note] InnoDB: Mutexes and rw_locks use Windows interlocked functions
2019-03-18 14:45:08 15212 [Note] InnoDB: Compressed tables use zlib 1.2.3
2019-03-18 14:45:08 15212 [Note] InnoDB: Not using CPU crc32 instructions
2019-03-18 14:45:08 15212 [Note] InnoDB: Initializing buffer pool, size = 128.0M
2019-03-18 14:45:08 15212 [Note] InnoDB: Completed initialization of buffer pool
2019-03-18 14:45:08 15212 [Note] InnoDB: Highest supported file format is Barracuda.
2019-03-18 14:45:08 15212 [Note] InnoDB: The log sequence numbers 1626134 and 1626134 in ibdata files do not match the log sequence number 1626676 in the ib_logfiles!
2019-03-18 14:45:08 15212 [Note] InnoDB: Database was not shutdown normally!
2019-03-18 14:45:08 15212 [Note] InnoDB: Starting crash recovery.
2019-03-18 14:45:08 15212 [Note] InnoDB: Reading tablespace information from the .ibd files...
2019-03-18 14:45:08 15212 [Note] InnoDB: Restoring possible half-written data pages 
2019-03-18 14:45:08 15212 [Note] InnoDB: from the doublewrite buffer...
2019-03-18 14:45:09 15212 [Note] InnoDB: 128 rollback segment(s) are active.
2019-03-18 14:45:09 15212 [Note] InnoDB: Waiting for purge to start
2019-03-18 14:45:09 15212 [Note] InnoDB: 5.6.13 started; log sequence number 1626676
2019-03-18 14:45:09 15212 [Note] Server hostname (bind-address): '*'; port: 3307
2019-03-18 14:45:09 15212 [Note] IPv6 is available.
2019-03-18 14:45:09 15212 [Note]   - '::' resolves to '::';
2019-03-18 14:45:09 15212 [Note] Server socket created on IP: '::'.
2019-03-18 14:46:34 21536 [Note] Plugin 'FEDERATED' is disabled.
2019-03-18 14:46:34 21536 [Note] InnoDB: The InnoDB memory heap is disabled
2019-03-18 14:46:34 21536 [Note] InnoDB: Mutexes and rw_locks use Windows interlocked functions
2019-03-18 14:46:34 21536 [Note] InnoDB: Compressed tables use zlib 1.2.3
2019-03-18 14:46:34 21536 [Note] InnoDB: Not using CPU crc32 instructions
2019-03-18 14:46:34 21536 [Note] InnoDB: Initializing buffer pool, size = 128.0M
2019-03-18 14:46:34 21536 [Note] InnoDB: Completed initialization of buffer pool
2019-03-18 14:46:34 21536 [Note] InnoDB: Highest supported file format is Barracuda.
2019-03-18 14:46:34 21536 [Note] InnoDB: The log sequence numbers 1626134 and 1626134 in ibdata files do not match the log sequence number 1626686 in the ib_logfiles!
2019-03-18 14:46:34 21536 [Note] InnoDB: Database was not shutdown normally!
2019-03-18 14:46:34 21536 [Note] InnoDB: Starting crash recovery.
2019-03-18 14:46:34 21536 [Note] InnoDB: Reading tablespace information from the .ibd files...
2019-03-18 14:46:34 21536 [Note] InnoDB: Restoring possible half-written data pages 
2019-03-18 14:46:34 21536 [Note] InnoDB: from the doublewrite buffer...
2019-03-18 14:46:34 21536 [Note] InnoDB: 128 rollback segment(s) are active.
2019-03-18 14:46:34 21536 [Note] InnoDB: Waiting for purge to start
2019-03-18 14:46:34 21536 [Note] InnoDB: 5.6.13 started; log sequence number 1626686
2019-03-18 14:46:34 21536 [Note] Server hostname (bind-address): '*'; port: 3307
2019-03-18 14:46:34 21536 [Note] IPv6 is available.
2019-03-18 14:46:34 21536 [Note]   - '::' resolves to '::';
2019-03-18 14:46:34 21536 [Note] Server socket created on IP: '::'.
2019-03-18 14:46:34 21536 [Note] Event Scheduler: Loaded 0 events
2019-03-18 14:46:34 21536 [Note] E:\server/mysql/bin/mysqld_usbwv8.exe: ready for connections.
Version: '5.6.13'  socket: ''  port: 3307  MySQL Community Server (GPL)
2019-03-18 15:21:26 16388 [Note] Plugin 'FEDERATED' is disabled.
2019-03-18 15:21:26 16388 [Note] InnoDB: The InnoDB memory heap is disabled
2019-03-18 15:21:26 16388 [Note] InnoDB: Mutexes and rw_locks use Windows interlocked functions
2019-03-18 15:21:26 16388 [Note] InnoDB: Compressed tables use zlib 1.2.3
2019-03-18 15:21:26 16388 [Note] InnoDB: Not using CPU crc32 instructions
2019-03-18 15:21:26 16388 [Note] InnoDB: Initializing buffer pool, size = 128.0M
2019-03-18 15:21:26 16388 [Note] InnoDB: Completed initialization of buffer pool
2019-03-18 15:21:26 16388 [Note] InnoDB: Highest supported file format is Barracuda.
2019-03-18 15:21:26 16388 [Note] InnoDB: The log sequence numbers 1626134 and 1626134 in ibdata files do not match the log sequence number 1626696 in the ib_logfiles!
2019-03-18 15:21:26 16388 [Note] InnoDB: Database was not shutdown normally!
2019-03-18 15:21:26 16388 [Note] InnoDB: Starting crash recovery.
2019-03-18 15:21:26 16388 [Note] InnoDB: Reading tablespace information from the .ibd files...
2019-03-18 15:21:26 16388 [Note] InnoDB: Restoring possible half-written data pages 
2019-03-18 15:21:26 16388 [Note] InnoDB: from the doublewrite buffer...
2019-03-18 15:21:27 16388 [Note] InnoDB: 128 rollback segment(s) are active.
2019-03-18 15:21:27 16388 [Note] InnoDB: Waiting for purge to start
2019-03-18 15:21:27 16388 [Note] InnoDB: 5.6.13 started; log sequence number 1626696
2019-03-18 15:21:27 16388 [Note] Server hostname (bind-address): '*'; port: 3307
2019-03-18 15:21:27 16388 [Note] IPv6 is available.
2019-03-18 15:21:27 16388 [Note]   - '::' resolves to '::';
2019-03-18 15:21:27 16388 [Note] Server socket created on IP: '::'.
2019-03-18 15:21:27 16388 [Note] Event Scheduler: Loaded 0 events
2019-03-18 15:21:27 16388 [Note] E:\server/mysql/bin/mysqld_usbwv8.exe: ready for connections.
Version: '5.6.13'  socket: ''  port: 3307  MySQL Community Server (GPL)
2019-03-18 15:21:52 10120 [Note] Plugin 'FEDERATED' is disabled.
2019-03-18 15:21:52 10120 [Note] InnoDB: The InnoDB memory heap is disabled
2019-03-18 15:21:52 10120 [Note] InnoDB: Mutexes and rw_locks use Windows interlocked functions
2019-03-18 15:21:52 10120 [Note] InnoDB: Compressed tables use zlib 1.2.3
2019-03-18 15:21:52 10120 [Note] InnoDB: Not using CPU crc32 instructions
2019-03-18 15:21:52 10120 [Note] InnoDB: Initializing buffer pool, size = 128.0M
2019-03-18 15:21:52 10120 [Note] InnoDB: Completed initialization of buffer pool
2019-03-18 15:21:52 10120 [Note] InnoDB: Highest supported file format is Barracuda.
2019-03-18 15:21:52 10120 [Note] InnoDB: The log sequence numbers 1626134 and 1626134 in ibdata files do not match the log sequence number 1626706 in the ib_logfiles!
2019-03-18 15:21:52 10120 [Note] InnoDB: Database was not shutdown normally!
2019-03-18 15:21:52 10120 [Note] InnoDB: Starting crash recovery.
2019-03-18 15:21:52 10120 [Note] InnoDB: Reading tablespace information from the .ibd files...
2019-03-18 15:21:52 10120 [Note] InnoDB: Restoring possible half-written data pages 
2019-03-18 15:21:52 10120 [Note] InnoDB: from the doublewrite buffer...
2019-03-18 15:21:53 10120 [Note] InnoDB: 128 rollback segment(s) are active.
2019-03-18 15:21:53 10120 [Note] InnoDB: Waiting for purge to start
2019-03-18 15:21:53 10120 [Note] InnoDB: 5.6.13 started; log sequence number 1626706
2019-03-18 15:21:53 10120 [Note] Server hostname (bind-address): '*'; port: 3307
2019-03-18 15:21:53 10120 [Note] IPv6 is available.
2019-03-18 15:21:53 10120 [Note]   - '::' resolves to '::';
2019-03-18 15:21:53 10120 [Note] Server socket created on IP: '::'.
2019-03-18 15:21:53 10120 [Note] Event Scheduler: Loaded 0 events
2019-03-18 15:21:53 10120 [Note] E:\server/mysql/bin/mysqld_usbwv8.exe: ready for connections.
Version: '5.6.13'  socket: ''  port: 3307  MySQL Community Server (GPL)
2019-03-18 15:22:51 12552 [Note] Plugin 'FEDERATED' is disabled.
2019-03-18 15:22:51 12552 [Note] InnoDB: The InnoDB memory heap is disabled
2019-03-18 15:22:51 12552 [Note] InnoDB: Mutexes and rw_locks use Windows interlocked functions
2019-03-18 15:22:51 12552 [Note] InnoDB: Compressed tables use zlib 1.2.3
2019-03-18 15:22:51 12552 [Note] InnoDB: Not using CPU crc32 instructions
2019-03-18 15:22:51 12552 [Note] InnoDB: Initializing buffer pool, size = 128.0M
2019-03-18 15:22:51 12552 [Note] InnoDB: Completed initialization of buffer pool
2019-03-18 15:22:51 12552 [Note] InnoDB: Highest supported file format is Barracuda.
2019-03-18 15:22:51 12552 [Note] InnoDB: The log sequence numbers 1626134 and 1626134 in ibdata files do not match the log sequence number 1626716 in the ib_logfiles!
2019-03-18 15:22:51 12552 [Note] InnoDB: Database was not shutdown normally!
2019-03-18 15:22:51 12552 [Note] InnoDB: Starting crash recovery.
2019-03-18 15:22:51 12552 [Note] InnoDB: Reading tablespace information from the .ibd files...
2019-03-18 15:22:51 12552 [Note] InnoDB: Restoring possible half-written data pages 
2019-03-18 15:22:51 12552 [Note] InnoDB: from the doublewrite buffer...
2019-03-18 15:22:51 12552 [Note] InnoDB: 128 rollback segment(s) are active.
2019-03-18 15:22:51 12552 [Note] InnoDB: Waiting for purge to start
2019-03-18 15:22:51 12552 [Note] InnoDB: 5.6.13 started; log sequence number 1626716
2019-03-18 15:22:51 12552 [Note] Server hostname (bind-address): '*'; port: 3307
2019-03-18 15:22:51 12552 [Note] IPv6 is available.
2019-03-18 15:22:51 12552 [Note]   - '::' resolves to '::';
2019-03-18 15:22:51 12552 [Note] Server socket created on IP: '::'.
2019-03-18 15:24:12 7556 [Note] Plugin 'FEDERATED' is disabled.
2019-03-18 15:24:12 7556 [Note] InnoDB: The InnoDB memory heap is disabled
2019-03-18 15:24:12 7556 [Note] InnoDB: Mutexes and rw_locks use Windows interlocked functions
2019-03-18 15:24:12 7556 [Note] InnoDB: Compressed tables use zlib 1.2.3
2019-03-18 15:24:12 7556 [Note] InnoDB: Not using CPU crc32 instructions
2019-03-18 15:24:12 7556 [Note] InnoDB: Initializing buffer pool, size = 128.0M
2019-03-18 15:24:13 7556 [Note] InnoDB: Completed initialization of buffer pool
2019-03-18 15:24:13 7556 [Note] InnoDB: Highest supported file format is Barracuda.
2019-03-18 15:24:13 7556 [Note] InnoDB: The log sequence numbers 1626134 and 1626134 in ibdata files do not match the log sequence number 1626726 in the ib_logfiles!
2019-03-18 15:24:13 7556 [Note] InnoDB: Database was not shutdown normally!
2019-03-18 15:24:13 7556 [Note] InnoDB: Starting crash recovery.
2019-03-18 15:24:13 7556 [Note] InnoDB: Reading tablespace information from the .ibd files...
2019-03-18 15:24:13 7556 [Note] InnoDB: Restoring possible half-written data pages 
2019-03-18 15:24:13 7556 [Note] InnoDB: from the doublewrite buffer...
2019-03-18 15:24:13 7556 [Note] InnoDB: 128 rollback segment(s) are active.
2019-03-18 15:24:13 7556 [Note] InnoDB: Waiting for purge to start
2019-03-18 15:24:13 7556 [Note] InnoDB: 5.6.13 started; log sequence number 1626726
2019-03-18 15:24:13 7556 [Note] Server hostname (bind-address): '*'; port: 3307
2019-03-18 15:24:13 7556 [Note] IPv6 is available.
2019-03-18 15:24:13 7556 [Note]   - '::' resolves to '::';
2019-03-18 15:24:13 7556 [Note] Server socket created on IP: '::'.
2019-03-18 15:24:42 18272 [Note] Plugin 'FEDERATED' is disabled.
2019-03-18 15:24:42 18272 [Note] InnoDB: The InnoDB memory heap is disabled
2019-03-18 15:24:42 18272 [Note] InnoDB: Mutexes and rw_locks use Windows interlocked functions
2019-03-18 15:24:42 18272 [Note] InnoDB: Compressed tables use zlib 1.2.3
2019-03-18 15:24:42 18272 [Note] InnoDB: Not using CPU crc32 instructions
2019-03-18 15:24:42 18272 [Note] InnoDB: Initializing buffer pool, size = 128.0M
2019-03-18 15:24:42 18272 [Note] InnoDB: Completed initialization of buffer pool
2019-03-18 15:24:42 18272 [Note] InnoDB: Highest supported file format is Barracuda.
2019-03-18 15:24:42 18272 [Note] InnoDB: The log sequence numbers 1626134 and 1626134 in ibdata files do not match the log sequence number 1626736 in the ib_logfiles!
2019-03-18 15:24:42 18272 [Note] InnoDB: Database was not shutdown normally!
2019-03-18 15:24:42 18272 [Note] InnoDB: Starting crash recovery.
2019-03-18 15:24:42 18272 [Note] InnoDB: Reading tablespace information from the .ibd files...
2019-03-18 15:24:42 18272 [Note] InnoDB: Restoring possible half-written data pages 
2019-03-18 15:24:42 18272 [Note] InnoDB: from the doublewrite buffer...
2019-03-18 15:24:42 18272 [Note] InnoDB: 128 rollback segment(s) are active.
2019-03-18 15:24:42 18272 [Note] InnoDB: Waiting for purge to start
2019-03-18 15:24:43 18272 [Note] InnoDB: 5.6.13 started; log sequence number 1626736
2019-03-18 15:24:43 18272 [Note] Server hostname (bind-address): '*'; port: 3307
2019-03-18 15:24:43 18272 [Note] IPv6 is available.
2019-03-18 15:24:43 18272 [Note]   - '::' resolves to '::';
2019-03-18 15:24:43 18272 [Note] Server socket created on IP: '::'.
2019-03-18 15:24:43 18272 [Note] Event Scheduler: Loaded 0 events
2019-03-18 15:24:43 18272 [Note] E:\server/mysql/bin/mysqld_usbwv8.exe: ready for connections.
Version: '5.6.13'  socket: ''  port: 3307  MySQL Community Server (GPL)
2019-03-18 15:32:23 21228 [Note] Plugin 'FEDERATED' is disabled.
2019-03-18 15:32:23 21228 [Note] InnoDB: The InnoDB memory heap is disabled
2019-03-18 15:32:23 21228 [Note] InnoDB: Mutexes and rw_locks use Windows interlocked functions
2019-03-18 15:32:23 21228 [Note] InnoDB: Compressed tables use zlib 1.2.3
2019-03-18 15:32:23 21228 [Note] InnoDB: Not using CPU crc32 instructions
2019-03-18 15:32:23 21228 [Note] InnoDB: Initializing buffer pool, size = 128.0M
2019-03-18 15:32:23 21228 [Note] InnoDB: Completed initialization of buffer pool
2019-03-18 15:32:23 21228 [Note] InnoDB: Highest supported file format is Barracuda.
2019-03-18 15:32:23 21228 [Note] InnoDB: The log sequence numbers 1626134 and 1626134 in ibdata files do not match the log sequence number 1626746 in the ib_logfiles!
2019-03-18 15:32:23 21228 [Note] InnoDB: Database was not shutdown normally!
2019-03-18 15:32:23 21228 [Note] InnoDB: Starting crash recovery.
2019-03-18 15:32:23 21228 [Note] InnoDB: Reading tablespace information from the .ibd files...
2019-03-18 15:32:24 21228 [Note] InnoDB: Restoring possible half-written data pages 
2019-03-18 15:32:24 21228 [Note] InnoDB: from the doublewrite buffer...
2019-03-18 15:32:24 21228 [Note] InnoDB: 128 rollback segment(s) are active.
2019-03-18 15:32:24 21228 [Note] InnoDB: Waiting for purge to start
2019-03-18 15:32:24 21228 [Note] InnoDB: 5.6.13 started; log sequence number 1626746
2019-03-18 15:32:24 21228 [Note] Server hostname (bind-address): '*'; port: 3307
2019-03-18 15:32:24 21228 [Note] IPv6 is available.
2019-03-18 15:32:24 21228 [Note]   - '::' resolves to '::';
2019-03-18 15:32:24 21228 [Note] Server socket created on IP: '::'.
2019-03-18 16:24:12 7960 [Note] Plugin 'FEDERATED' is disabled.
2019-03-18 16:24:12 7960 [Note] InnoDB: The InnoDB memory heap is disabled
2019-03-18 16:24:12 7960 [Note] InnoDB: Mutexes and rw_locks use Windows interlocked functions
2019-03-18 16:24:12 7960 [Note] InnoDB: Compressed tables use zlib 1.2.3
2019-03-18 16:24:12 7960 [Note] InnoDB: Not using CPU crc32 instructions
2019-03-18 16:24:12 7960 [Note] InnoDB: Initializing buffer pool, size = 128.0M
2019-03-18 16:24:12 7960 [Note] InnoDB: Completed initialization of buffer pool
2019-03-18 16:24:12 7960 [Note] InnoDB: Highest supported file format is Barracuda.
2019-03-18 16:24:12 7960 [Note] InnoDB: The log sequence numbers 1626134 and 1626134 in ibdata files do not match the log sequence number 1626756 in the ib_logfiles!
2019-03-18 16:24:12 7960 [Note] InnoDB: Database was not shutdown normally!
2019-03-18 16:24:12 7960 [Note] InnoDB: Starting crash recovery.
2019-03-18 16:24:12 7960 [Note] InnoDB: Reading tablespace information from the .ibd files...
2019-03-18 16:24:12 7960 [Note] InnoDB: Restoring possible half-written data pages 
2019-03-18 16:24:12 7960 [Note] InnoDB: from the doublewrite buffer...
2019-03-18 16:24:13 7960 [Note] InnoDB: 128 rollback segment(s) are active.
2019-03-18 16:24:13 7960 [Note] InnoDB: Waiting for purge to start
2019-03-18 16:24:13 7960 [Note] InnoDB: 5.6.13 started; log sequence number 1626756
2019-03-18 16:24:13 7960 [Note] Server hostname (bind-address): '*'; port: 3307
2019-03-18 16:24:13 7960 [Note] IPv6 is available.
2019-03-18 16:24:13 7960 [Note]   - '::' resolves to '::';
2019-03-18 16:24:13 7960 [Note] Server socket created on IP: '::'.
2019-03-18 16:25:21 23532 [Note] Plugin 'FEDERATED' is disabled.
2019-03-18 16:25:21 23532 [Note] InnoDB: The InnoDB memory heap is disabled
2019-03-18 16:25:21 23532 [Note] InnoDB: Mutexes and rw_locks use Windows interlocked functions
2019-03-18 16:25:21 23532 [Note] InnoDB: Compressed tables use zlib 1.2.3
2019-03-18 16:25:21 23532 [Note] InnoDB: Not using CPU crc32 instructions
2019-03-18 16:25:21 23532 [Note] InnoDB: Initializing buffer pool, size = 128.0M
2019-03-18 16:25:21 23532 [Note] InnoDB: Completed initialization of buffer pool
2019-03-18 16:25:21 23532 [Note] InnoDB: Highest supported file format is Barracuda.
2019-03-18 16:25:21 23532 [Note] InnoDB: The log sequence numbers 1626134 and 1626134 in ibdata files do not match the log sequence number 1626766 in the ib_logfiles!
2019-03-18 16:25:21 23532 [Note] InnoDB: Database was not shutdown normally!
2019-03-18 16:25:21 23532 [Note] InnoDB: Starting crash recovery.
2019-03-18 16:25:21 23532 [Note] InnoDB: Reading tablespace information from the .ibd files...
2019-03-18 16:25:21 23532 [Note] InnoDB: Restoring possible half-written data pages 
2019-03-18 16:25:21 23532 [Note] InnoDB: from the doublewrite buffer...
2019-03-18 16:25:22 23532 [Note] InnoDB: 128 rollback segment(s) are active.
2019-03-18 16:25:22 23532 [Note] InnoDB: Waiting for purge to start
2019-03-18 16:25:22 23532 [Note] InnoDB: 5.6.13 started; log sequence number 1626766
2019-03-18 16:25:22 23532 [Note] Server hostname (bind-address): '*'; port: 3307
2019-03-18 16:25:22 23532 [Note] IPv6 is available.
2019-03-18 16:25:22 23532 [Note]   - '::' resolves to '::';
2019-03-18 16:25:22 23532 [Note] Server socket created on IP: '::'.
2019-03-18 16:25:22 23532 [Note] Event Scheduler: Loaded 0 events
2019-03-18 16:25:22 23532 [Note] E:\server/mysql/bin/mysqld_usbwv8.exe: ready for connections.
Version: '5.6.13'  socket: ''  port: 3307  MySQL Community Server (GPL)
2019-03-18 16:30:27 23184 [Note] Plugin 'FEDERATED' is disabled.
2019-03-18 16:30:27 23184 [Note] InnoDB: The InnoDB memory heap is disabled
2019-03-18 16:30:27 23184 [Note] InnoDB: Mutexes and rw_locks use Windows interlocked functions
2019-03-18 16:30:27 23184 [Note] InnoDB: Compressed tables use zlib 1.2.3
2019-03-18 16:30:27 23184 [Note] InnoDB: Not using CPU crc32 instructions
2019-03-18 16:30:27 23184 [Note] InnoDB: Initializing buffer pool, size = 128.0M
2019-03-18 16:30:27 23184 [Note] InnoDB: Completed initialization of buffer pool
2019-03-18 16:30:27 23184 [Note] InnoDB: Highest supported file format is Barracuda.
2019-03-18 16:30:27 23184 [Note] InnoDB: The log sequence numbers 1626134 and 1626134 in ibdata files do not match the log sequence number 1626776 in the ib_logfiles!
2019-03-18 16:30:27 23184 [Note] InnoDB: Database was not shutdown normally!
2019-03-18 16:30:27 23184 [Note] InnoDB: Starting crash recovery.
2019-03-18 16:30:27 23184 [Note] InnoDB: Reading tablespace information from the .ibd files...
2019-03-18 16:30:27 23184 [Note] InnoDB: Restoring possible half-written data pages 
2019-03-18 16:30:27 23184 [Note] InnoDB: from the doublewrite buffer...
2019-03-18 16:30:28 23184 [Note] InnoDB: 128 rollback segment(s) are active.
2019-03-18 16:30:28 23184 [Note] InnoDB: Waiting for purge to start
2019-03-18 16:30:28 23184 [Note] InnoDB: 5.6.13 started; log sequence number 1626776
2019-03-18 16:30:28 23184 [Note] Server hostname (bind-address): '*'; port: 3307
2019-03-18 16:30:28 23184 [Note] IPv6 is available.
2019-03-18 16:30:28 23184 [Note]   - '::' resolves to '::';
2019-03-18 16:30:28 23184 [Note] Server socket created on IP: '::'.
2019-03-18 16:30:28 23184 [Note] Event Scheduler: Loaded 0 events
2019-03-18 16:30:28 23184 [Note] E:\server/mysql/bin/mysqld_usbwv8.exe: ready for connections.
Version: '5.6.13'  socket: ''  port: 3307  MySQL Community Server (GPL)
2019-03-18 16:32:05 7124 [Note] Plugin 'FEDERATED' is disabled.
2019-03-18 16:32:05 7124 [Note] InnoDB: The InnoDB memory heap is disabled
2019-03-18 16:32:05 7124 [Note] InnoDB: Mutexes and rw_locks use Windows interlocked functions
2019-03-18 16:32:05 7124 [Note] InnoDB: Compressed tables use zlib 1.2.3
2019-03-18 16:32:05 7124 [Note] InnoDB: Not using CPU crc32 instructions
2019-03-18 16:32:05 7124 [Note] InnoDB: Initializing buffer pool, size = 128.0M
2019-03-18 16:32:05 7124 [Note] InnoDB: Completed initialization of buffer pool
2019-03-18 16:32:05 7124 [ERROR] InnoDB: E:\server\mysql\data\ibdata1 can't be opened in read-write mode
2019-03-18 16:32:05 7124 [ERROR] InnoDB: The system tablespace must be writable!
2019-03-18 16:32:05 7124 [ERROR] Plugin 'InnoDB' init function returned error.
2019-03-18 16:32:05 7124 [ERROR] Plugin 'InnoDB' registration as a STORAGE ENGINE failed.
2019-03-18 16:32:05 7124 [ERROR] Unknown/unsupported storage engine: InnoDB
2019-03-18 16:32:05 7124 [ERROR] Aborting

2019-03-18 16:32:05 7124 [Note] Binlog end
2019-03-18 16:32:05 7124 [Note] Shutting down plugin 'partition'
2019-03-18 16:32:05 7124 [Note] Shutting down plugin 'PERFORMANCE_SCHEMA'
2019-03-18 16:32:05 7124 [Note] Shutting down plugin 'INNODB_SYS_DATAFILES'
2019-03-18 16:32:05 7124 [Note] Shutting down plugin 'INNODB_SYS_TABLESPACES'
2019-03-18 16:32:05 7124 [Note] Shutting down plugin 'INNODB_SYS_FOREIGN_COLS'
2019-03-18 16:32:05 7124 [Note] Shutting down plugin 'INNODB_SYS_FOREIGN'
2019-03-18 16:32:05 7124 [Note] Shutting down plugin 'INNODB_SYS_FIELDS'
2019-03-18 16:32:05 7124 [Note] Shutting down plugin 'INNODB_SYS_COLUMNS'
2019-03-18 16:32:05 7124 [Note] Shutting down plugin 'INNODB_SYS_INDEXES'
2019-03-18 16:32:05 7124 [Note] Shutting down plugin 'INNODB_SYS_TABLESTATS'
2019-03-18 16:32:05 7124 [Note] Shutting down plugin 'INNODB_SYS_TABLES'
2019-03-18 16:32:05 7124 [Note] Shutting down plugin 'INNODB_FT_INDEX_TABLE'
2019-03-18 16:32:05 7124 [Note] Shutting down plugin 'INNODB_FT_INDEX_CACHE'
2019-03-18 16:32:05 7124 [Note] Shutting down plugin 'INNODB_FT_CONFIG'
2019-03-18 16:32:05 7124 [Note] Shutting down plugin 'INNODB_FT_BEING_DELETED'
2019-03-18 16:32:05 7124 [Note] Shutting down plugin 'INNODB_FT_DELETED'
2019-03-18 16:32:05 7124 [Note] Shutting down plugin 'INNODB_FT_DEFAULT_STOPWORD'
2019-03-18 16:32:05 7124 [Note] Shutting down plugin 'INNODB_METRICS'
2019-03-18 16:32:05 7124 [Note] Shutting down plugin 'INNODB_BUFFER_POOL_STATS'
2019-03-18 16:32:05 7124 [Note] Shutting down plugin 'INNODB_BUFFER_PAGE_LRU'
2019-03-18 16:32:05 7124 [Note] Shutting down plugin 'INNODB_BUFFER_PAGE'
2019-03-18 16:32:05 7124 [Note] Shutting down plugin 'INNODB_CMP_PER_INDEX_RESET'
2019-03-18 16:32:05 7124 [Note] Shutting down plugin 'INNODB_CMP_PER_INDEX'
2019-03-18 16:32:05 7124 [Note] Shutting down plugin 'INNODB_CMPMEM_RESET'
2019-03-18 16:32:05 7124 [Note] Shutting down plugin 'INNODB_CMPMEM'
2019-03-18 16:32:05 7124 [Note] Shutting down plugin 'INNODB_CMP_RESET'
2019-03-18 16:32:05 7124 [Note] Shutting down plugin 'INNODB_CMP'
2019-03-18 16:32:05 7124 [Note] Shutting down plugin 'INNODB_LOCK_WAITS'
2019-03-18 16:32:05 7124 [Note] Shutting down plugin 'INNODB_LOCKS'
2019-03-18 16:32:05 7124 [Note] Shutting down plugin 'INNODB_TRX'
2019-03-18 16:32:05 7124 [Note] Shutting down plugin 'BLACKHOLE'
2019-03-18 16:32:05 7124 [Note] Shutting down plugin 'ARCHIVE'
2019-03-18 16:32:05 7124 [Note] Shutting down plugin 'MRG_MYISAM'
2019-03-18 16:32:05 7124 [Note] Shutting down plugin 'MyISAM'
2019-03-18 16:32:05 7124 [Note] Shutting down plugin 'MEMORY'
2019-03-18 16:32:05 7124 [Note] Shutting down plugin 'CSV'
2019-03-18 16:32:05 7124 [Note] Shutting down plugin 'sha256_password'
2019-03-18 16:32:05 7124 [Note] Shutting down plugin 'mysql_old_password'
2019-03-18 16:32:05 7124 [Note] Shutting down plugin 'mysql_native_password'
2019-03-18 16:32:05 7124 [Note] Shutting down plugin 'binlog'
2019-03-18 16:32:05 7124 [Note] E:\server/mysql/bin/mysqld_usbwv8.exe: Shutdown complete

2019-03-18 16:32:16 14196 [Note] Plugin 'FEDERATED' is disabled.
2019-03-18 16:32:16 14196 [Note] InnoDB: The InnoDB memory heap is disabled
2019-03-18 16:32:16 14196 [Note] InnoDB: Mutexes and rw_locks use Windows interlocked functions
2019-03-18 16:32:16 14196 [Note] InnoDB: Compressed tables use zlib 1.2.3
2019-03-18 16:32:16 14196 [Note] InnoDB: Not using CPU crc32 instructions
2019-03-18 16:32:16 14196 [Note] InnoDB: Initializing buffer pool, size = 128.0M
2019-03-18 16:32:16 14196 [Note] InnoDB: Completed initialization of buffer pool
2019-03-18 16:32:16 14196 [Note] InnoDB: Highest supported file format is Barracuda.
2019-03-18 16:32:16 14196 [Note] InnoDB: The log sequence numbers 1626134 and 1626134 in ibdata files do not match the log sequence number 1626786 in the ib_logfiles!
2019-03-18 16:32:16 14196 [Note] InnoDB: Database was not shutdown normally!
2019-03-18 16:32:16 14196 [Note] InnoDB: Starting crash recovery.
2019-03-18 16:32:16 14196 [Note] InnoDB: Reading tablespace information from the .ibd files...
2019-03-18 16:32:16 14196 [Note] InnoDB: Restoring possible half-written data pages 
2019-03-18 16:32:16 14196 [Note] InnoDB: from the doublewrite buffer...
2019-03-18 16:32:17 14196 [Note] InnoDB: 128 rollback segment(s) are active.
2019-03-18 16:32:17 14196 [Note] InnoDB: Waiting for purge to start
2019-03-18 16:32:17 14196 [Note] InnoDB: 5.6.13 started; log sequence number 1626786
2019-03-18 16:32:17 14196 [Note] Server hostname (bind-address): '*'; port: 3307
2019-03-18 16:32:17 14196 [Note] IPv6 is available.
2019-03-18 16:32:17 14196 [Note]   - '::' resolves to '::';
2019-03-18 16:32:17 14196 [Note] Server socket created on IP: '::'.
2019-03-18 16:32:17 14196 [Note] Event Scheduler: Loaded 0 events
2019-03-18 16:32:17 14196 [Note] E:\server/mysql/bin/mysqld_usbwv8.exe: ready for connections.
Version: '5.6.13'  socket: ''  port: 3307  MySQL Community Server (GPL)
2019-03-18 16:32:54 20452 [Note] Plugin 'FEDERATED' is disabled.
2019-03-18 16:32:54 20452 [Note] InnoDB: The InnoDB memory heap is disabled
2019-03-18 16:32:54 20452 [Note] InnoDB: Mutexes and rw_locks use Windows interlocked functions
2019-03-18 16:32:54 20452 [Note] InnoDB: Compressed tables use zlib 1.2.3
2019-03-18 16:32:54 20452 [Note] InnoDB: Not using CPU crc32 instructions
2019-03-18 16:32:54 20452 [Note] InnoDB: Initializing buffer pool, size = 128.0M
2019-03-18 16:32:54 20452 [Note] InnoDB: Completed initialization of buffer pool
2019-03-18 16:32:54 20452 [Note] InnoDB: Highest supported file format is Barracuda.
2019-03-18 16:32:54 20452 [Note] InnoDB: The log sequence numbers 1626134 and 1626134 in ibdata files do not match the log sequence number 1626796 in the ib_logfiles!
2019-03-18 16:32:54 20452 [Note] InnoDB: Database was not shutdown normally!
2019-03-18 16:32:54 20452 [Note] InnoDB: Starting crash recovery.
2019-03-18 16:32:54 20452 [Note] InnoDB: Reading tablespace information from the .ibd files...
2019-03-18 16:32:54 20452 [Note] InnoDB: Restoring possible half-written data pages 
2019-03-18 16:32:54 20452 [Note] InnoDB: from the doublewrite buffer...
2019-03-18 16:32:54 20452 [Note] InnoDB: 128 rollback segment(s) are active.
2019-03-18 16:32:54 20452 [Note] InnoDB: Waiting for purge to start
2019-03-18 16:32:54 20452 [Note] InnoDB: 5.6.13 started; log sequence number 1626796
2019-03-18 16:32:54 20452 [Note] Server hostname (bind-address): '*'; port: 3307
2019-03-18 16:32:54 20452 [Note] IPv6 is available.
2019-03-18 16:32:54 20452 [Note]   - '::' resolves to '::';
2019-03-18 16:32:54 20452 [Note] Server socket created on IP: '::'.
2019-03-18 16:34:37 23396 [Note] Plugin 'FEDERATED' is disabled.
2019-03-18 16:34:37 23396 [Note] InnoDB: The InnoDB memory heap is disabled
2019-03-18 16:34:37 23396 [Note] InnoDB: Mutexes and rw_locks use Windows interlocked functions
2019-03-18 16:34:37 23396 [Note] InnoDB: Compressed tables use zlib 1.2.3
2019-03-18 16:34:37 23396 [Note] InnoDB: Not using CPU crc32 instructions
2019-03-18 16:34:37 23396 [Note] InnoDB: Initializing buffer pool, size = 128.0M
2019-03-18 16:34:37 23396 [Note] InnoDB: Completed initialization of buffer pool
2019-03-18 16:34:37 23396 [Note] InnoDB: Highest supported file format is Barracuda.
2019-03-18 16:34:37 23396 [Note] InnoDB: The log sequence numbers 1626134 and 1626134 in ibdata files do not match the log sequence number 1626806 in the ib_logfiles!
2019-03-18 16:34:37 23396 [Note] InnoDB: Database was not shutdown normally!
2019-03-18 16:34:37 23396 [Note] InnoDB: Starting crash recovery.
2019-03-18 16:34:37 23396 [Note] InnoDB: Reading tablespace information from the .ibd files...
2019-03-18 16:34:37 23396 [Note] InnoDB: Restoring possible half-written data pages 
2019-03-18 16:34:37 23396 [Note] InnoDB: from the doublewrite buffer...
2019-03-18 16:34:38 23396 [Note] InnoDB: 128 rollback segment(s) are active.
2019-03-18 16:34:38 23396 [Note] InnoDB: Waiting for purge to start
2019-03-18 16:34:38 23396 [Note] InnoDB: 5.6.13 started; log sequence number 1626806
2019-03-18 16:34:38 23396 [Note] Server hostname (bind-address): '*'; port: 3307
2019-03-18 16:34:38 23396 [Note] IPv6 is available.
2019-03-18 16:34:38 23396 [Note]   - '::' resolves to '::';
2019-03-18 16:34:38 23396 [Note] Server socket created on IP: '::'.
2019-03-18 16:34:38 23396 [Note] Event Scheduler: Loaded 0 events
2019-03-18 16:34:38 23396 [Note] E:\server/mysql/bin/mysqld_usbwv8.exe: ready for connections.
Version: '5.6.13'  socket: ''  port: 3307  MySQL Community Server (GPL)
2019-03-18 16:40:11 20128 [Note] Plugin 'FEDERATED' is disabled.
2019-03-18 16:40:11 20128 [Note] InnoDB: The InnoDB memory heap is disabled
2019-03-18 16:40:11 20128 [Note] InnoDB: Mutexes and rw_locks use Windows interlocked functions
2019-03-18 16:40:11 20128 [Note] InnoDB: Compressed tables use zlib 1.2.3
2019-03-18 16:40:11 20128 [Note] InnoDB: Not using CPU crc32 instructions
2019-03-18 16:40:11 20128 [Note] InnoDB: Initializing buffer pool, size = 128.0M
2019-03-18 16:40:11 20128 [Note] InnoDB: Completed initialization of buffer pool
2019-03-18 16:40:11 20128 [Note] InnoDB: Highest supported file format is Barracuda.
2019-03-18 16:40:11 20128 [Note] InnoDB: The log sequence numbers 1626134 and 1626134 in ibdata files do not match the log sequence number 1626816 in the ib_logfiles!
2019-03-18 16:40:11 20128 [Note] InnoDB: Database was not shutdown normally!
2019-03-18 16:40:11 20128 [Note] InnoDB: Starting crash recovery.
2019-03-18 16:40:11 20128 [Note] InnoDB: Reading tablespace information from the .ibd files...
2019-03-18 16:40:11 20128 [Note] InnoDB: Restoring possible half-written data pages 
2019-03-18 16:40:11 20128 [Note] InnoDB: from the doublewrite buffer...
2019-03-18 16:40:12 20128 [Note] InnoDB: 128 rollback segment(s) are active.
2019-03-18 16:40:12 20128 [Note] InnoDB: Waiting for purge to start
2019-03-18 16:40:12 20128 [Note] InnoDB: 5.6.13 started; log sequence number 1626816
2019-03-18 16:40:12 20128 [Note] Server hostname (bind-address): '*'; port: 3307
2019-03-18 16:40:12 20128 [Note] IPv6 is available.
2019-03-18 16:40:12 20128 [Note]   - '::' resolves to '::';
2019-03-18 16:40:12 20128 [Note] Server socket created on IP: '::'.
2019-03-18 16:40:12 20128 [Note] Event Scheduler: Loaded 0 events
2019-03-18 16:40:12 20128 [Note] E:\server/mysql/bin/mysqld_usbwv8.exe: ready for connections.
Version: '5.6.13'  socket: ''  port: 3307  MySQL Community Server (GPL)
2019-03-18 16:42:53 4156 [Note] Plugin 'FEDERATED' is disabled.
2019-03-18 16:42:53 4156 [Note] InnoDB: The InnoDB memory heap is disabled
2019-03-18 16:42:53 4156 [Note] InnoDB: Mutexes and rw_locks use Windows interlocked functions
2019-03-18 16:42:53 4156 [Note] InnoDB: Compressed tables use zlib 1.2.3
2019-03-18 16:42:53 4156 [Note] InnoDB: Not using CPU crc32 instructions
2019-03-18 16:42:53 4156 [Note] InnoDB: Initializing buffer pool, size = 128.0M
2019-03-18 16:42:53 4156 [Note] InnoDB: Completed initialization of buffer pool
2019-03-18 16:42:53 4156 [Note] InnoDB: Highest supported file format is Barracuda.
2019-03-18 16:42:53 4156 [Note] InnoDB: The log sequence numbers 1626134 and 1626134 in ibdata files do not match the log sequence number 1626826 in the ib_logfiles!
2019-03-18 16:42:53 4156 [Note] InnoDB: Database was not shutdown normally!
2019-03-18 16:42:53 4156 [Note] InnoDB: Starting crash recovery.
2019-03-18 16:42:53 4156 [Note] InnoDB: Reading tablespace information from the .ibd files...
2019-03-18 16:42:53 4156 [Note] InnoDB: Restoring possible half-written data pages 
2019-03-18 16:42:53 4156 [Note] InnoDB: from the doublewrite buffer...
2019-03-18 16:42:53 4156 [Note] InnoDB: 128 rollback segment(s) are active.
2019-03-18 16:42:53 4156 [Note] InnoDB: Waiting for purge to start
2019-03-18 16:42:54 4156 [Note] InnoDB: 5.6.13 started; log sequence number 1626826
2019-03-18 16:42:54 4156 [Note] Server hostname (bind-address): '*'; port: 3307
2019-03-18 16:42:54 4156 [Note] IPv6 is available.
2019-03-18 16:42:54 4156 [Note]   - '::' resolves to '::';
2019-03-18 16:42:54 4156 [Note] Server socket created on IP: '::'.
2019-03-18 16:42:54 4156 [Note] Event Scheduler: Loaded 0 events
2019-03-18 16:42:54 4156 [Note] E:\server/mysql/bin/mysqld_usbwv8.exe: ready for connections.
Version: '5.6.13'  socket: ''  port: 3307  MySQL Community Server (GPL)
2019-03-18 16:54:26 7512 [Note] Plugin 'FEDERATED' is disabled.
2019-03-18 16:54:26 7512 [Note] InnoDB: The InnoDB memory heap is disabled
2019-03-18 16:54:26 7512 [Note] InnoDB: Mutexes and rw_locks use Windows interlocked functions
2019-03-18 16:54:26 7512 [Note] InnoDB: Compressed tables use zlib 1.2.3
2019-03-18 16:54:26 7512 [Note] InnoDB: Not using CPU crc32 instructions
2019-03-18 16:54:26 7512 [Note] InnoDB: Initializing buffer pool, size = 128.0M
2019-03-18 16:54:26 7512 [Note] InnoDB: Completed initialization of buffer pool
2019-03-18 16:54:26 7512 [ERROR] InnoDB: E:\server\mysql\data\ibdata1 can't be opened in read-write mode
2019-03-18 16:54:26 7512 [ERROR] InnoDB: The system tablespace must be writable!
2019-03-18 16:54:26 7512 [ERROR] Plugin 'InnoDB' init function returned error.
2019-03-18 16:54:26 7512 [ERROR] Plugin 'InnoDB' registration as a STORAGE ENGINE failed.
2019-03-18 16:54:26 7512 [ERROR] Unknown/unsupported storage engine: InnoDB
2019-03-18 16:54:26 7512 [ERROR] Aborting

2019-03-18 16:54:26 7512 [Note] Binlog end
2019-03-18 16:54:26 7512 [Note] Shutting down plugin 'partition'
2019-03-18 16:54:26 7512 [Note] Shutting down plugin 'PERFORMANCE_SCHEMA'
2019-03-18 16:54:26 7512 [Note] Shutting down plugin 'INNODB_SYS_DATAFILES'
2019-03-18 16:54:26 7512 [Note] Shutting down plugin 'INNODB_SYS_TABLESPACES'
2019-03-18 16:54:26 7512 [Note] Shutting down plugin 'INNODB_SYS_FOREIGN_COLS'
2019-03-18 16:54:26 7512 [Note] Shutting down plugin 'INNODB_SYS_FOREIGN'
2019-03-18 16:54:26 7512 [Note] Shutting down plugin 'INNODB_SYS_FIELDS'
2019-03-18 16:54:26 7512 [Note] Shutting down plugin 'INNODB_SYS_COLUMNS'
2019-03-18 16:54:26 7512 [Note] Shutting down plugin 'INNODB_SYS_INDEXES'
2019-03-18 16:54:26 7512 [Note] Shutting down plugin 'INNODB_SYS_TABLESTATS'
2019-03-18 16:54:26 7512 [Note] Shutting down plugin 'INNODB_SYS_TABLES'
2019-03-18 16:54:26 7512 [Note] Shutting down plugin 'INNODB_FT_INDEX_TABLE'
2019-03-18 16:54:26 7512 [Note] Shutting down plugin 'INNODB_FT_INDEX_CACHE'
2019-03-18 16:54:26 7512 [Note] Shutting down plugin 'INNODB_FT_CONFIG'
2019-03-18 16:54:26 7512 [Note] Shutting down plugin 'INNODB_FT_BEING_DELETED'
2019-03-18 16:54:26 7512 [Note] Shutting down plugin 'INNODB_FT_DELETED'
2019-03-18 16:54:26 7512 [Note] Shutting down plugin 'INNODB_FT_DEFAULT_STOPWORD'
2019-03-18 16:54:26 7512 [Note] Shutting down plugin 'INNODB_METRICS'
2019-03-18 16:54:26 7512 [Note] Shutting down plugin 'INNODB_BUFFER_POOL_STATS'
2019-03-18 16:54:26 7512 [Note] Shutting down plugin 'INNODB_BUFFER_PAGE_LRU'
2019-03-18 16:54:26 7512 [Note] Shutting down plugin 'INNODB_BUFFER_PAGE'
2019-03-18 16:54:26 7512 [Note] Shutting down plugin 'INNODB_CMP_PER_INDEX_RESET'
2019-03-18 16:54:26 7512 [Note] Shutting down plugin 'INNODB_CMP_PER_INDEX'
2019-03-18 16:54:26 7512 [Note] Shutting down plugin 'INNODB_CMPMEM_RESET'
2019-03-18 16:54:26 7512 [Note] Shutting down plugin 'INNODB_CMPMEM'
2019-03-18 16:54:26 7512 [Note] Shutting down plugin 'INNODB_CMP_RESET'
2019-03-18 16:54:26 7512 [Note] Shutting down plugin 'INNODB_CMP'
2019-03-18 16:54:26 7512 [Note] Shutting down plugin 'INNODB_LOCK_WAITS'
2019-03-18 16:54:26 7512 [Note] Shutting down plugin 'INNODB_LOCKS'
2019-03-18 16:54:26 7512 [Note] Shutting down plugin 'INNODB_TRX'
2019-03-18 16:54:26 7512 [Note] Shutting down plugin 'BLACKHOLE'
2019-03-18 16:54:26 7512 [Note] Shutting down plugin 'ARCHIVE'
2019-03-18 16:54:26 7512 [Note] Shutting down plugin 'MRG_MYISAM'
2019-03-18 16:54:26 7512 [Note] Shutting down plugin 'MyISAM'
2019-03-18 16:54:26 7512 [Note] Shutting down plugin 'MEMORY'
2019-03-18 16:54:26 7512 [Note] Shutting down plugin 'CSV'
2019-03-18 16:54:26 7512 [Note] Shutting down plugin 'sha256_password'
2019-03-18 16:54:26 7512 [Note] Shutting down plugin 'mysql_old_password'
2019-03-18 16:54:26 7512 [Note] Shutting down plugin 'mysql_native_password'
2019-03-18 16:54:26 7512 [Note] Shutting down plugin 'binlog'
2019-03-18 16:54:26 7512 [Note] E:\server/mysql/bin/mysqld_usbwv8.exe: Shutdown complete

2019-03-19 09:25:21 22648 [Note] Plugin 'FEDERATED' is disabled.
2019-03-19 09:25:21 22648 [Note] InnoDB: The InnoDB memory heap is disabled
2019-03-19 09:25:21 22648 [Note] InnoDB: Mutexes and rw_locks use Windows interlocked functions
2019-03-19 09:25:21 22648 [Note] InnoDB: Compressed tables use zlib 1.2.3
2019-03-19 09:25:21 22648 [Note] InnoDB: Not using CPU crc32 instructions
2019-03-19 09:25:21 22648 [Note] InnoDB: Initializing buffer pool, size = 128.0M
2019-03-19 09:25:21 22648 [Note] InnoDB: Completed initialization of buffer pool
2019-03-19 09:25:22 22648 [Note] InnoDB: Highest supported file format is Barracuda.
2019-03-19 09:25:22 22648 [Note] InnoDB: The log sequence numbers 1626134 and 1626134 in ibdata files do not match the log sequence number 1626836 in the ib_logfiles!
2019-03-19 09:25:22 22648 [Note] InnoDB: Database was not shutdown normally!
2019-03-19 09:25:22 22648 [Note] InnoDB: Starting crash recovery.
2019-03-19 09:25:22 22648 [Note] InnoDB: Reading tablespace information from the .ibd files...
2019-03-19 09:25:22 22648 [Note] InnoDB: Restoring possible half-written data pages 
2019-03-19 09:25:22 22648 [Note] InnoDB: from the doublewrite buffer...
2019-03-19 09:25:23 22648 [Note] InnoDB: 128 rollback segment(s) are active.
2019-03-19 09:25:23 22648 [Note] InnoDB: Waiting for purge to start
2019-03-19 09:25:23 22648 [Note] InnoDB: 5.6.13 started; log sequence number 1626836
2019-03-19 09:25:23 22648 [Note] Server hostname (bind-address): '*'; port: 3307
2019-03-19 09:25:23 22648 [Note] IPv6 is available.
2019-03-19 09:25:23 22648 [Note]   - '::' resolves to '::';
2019-03-19 09:25:23 22648 [Note] Server socket created on IP: '::'.
2019-03-19 09:26:09 21480 [Note] Plugin 'FEDERATED' is disabled.
2019-03-19 09:26:09 21480 [Note] InnoDB: The InnoDB memory heap is disabled
2019-03-19 09:26:09 21480 [Note] InnoDB: Mutexes and rw_locks use Windows interlocked functions
2019-03-19 09:26:09 21480 [Note] InnoDB: Compressed tables use zlib 1.2.3
2019-03-19 09:26:09 21480 [Note] InnoDB: Not using CPU crc32 instructions
2019-03-19 09:26:09 21480 [Note] InnoDB: Initializing buffer pool, size = 128.0M
2019-03-19 09:26:09 21480 [Note] InnoDB: Completed initialization of buffer pool
2019-03-19 09:26:09 21480 [Note] InnoDB: Highest supported file format is Barracuda.
2019-03-19 09:26:09 21480 [Note] InnoDB: The log sequence numbers 1626134 and 1626134 in ibdata files do not match the log sequence number 1626846 in the ib_logfiles!
2019-03-19 09:26:09 21480 [Note] InnoDB: Database was not shutdown normally!
2019-03-19 09:26:09 21480 [Note] InnoDB: Starting crash recovery.
2019-03-19 09:26:09 21480 [Note] InnoDB: Reading tablespace information from the .ibd files...
2019-03-19 09:26:09 21480 [Note] InnoDB: Restoring possible half-written data pages 
2019-03-19 09:26:09 21480 [Note] InnoDB: from the doublewrite buffer...
2019-03-19 09:26:10 21480 [Note] InnoDB: 128 rollback segment(s) are active.
2019-03-19 09:26:10 21480 [Note] InnoDB: Waiting for purge to start
2019-03-19 09:26:10 21480 [Note] InnoDB: 5.6.13 started; log sequence number 1626846
2019-03-19 09:26:10 21480 [Note] Server hostname (bind-address): '*'; port: 3307
2019-03-19 09:26:10 21480 [Note] IPv6 is available.
2019-03-19 09:26:10 21480 [Note]   - '::' resolves to '::';
2019-03-19 09:26:10 21480 [Note] Server socket created on IP: '::'.
2019-03-19 09:58:39 24188 [Note] Plugin 'FEDERATED' is disabled.
2019-03-19 09:58:39 24188 [Note] InnoDB: The InnoDB memory heap is disabled
2019-03-19 09:58:39 24188 [Note] InnoDB: Mutexes and rw_locks use Windows interlocked functions
2019-03-19 09:58:39 24188 [Note] InnoDB: Compressed tables use zlib 1.2.3
2019-03-19 09:58:39 24188 [Note] InnoDB: Not using CPU crc32 instructions
2019-03-19 09:58:39 24188 [Note] InnoDB: Initializing buffer pool, size = 128.0M
2019-03-19 09:58:39 24188 [Note] InnoDB: Completed initialization of buffer pool
2019-03-19 09:58:39 24188 [Note] InnoDB: Highest supported file format is Barracuda.
2019-03-19 09:58:39 24188 [Note] InnoDB: The log sequence numbers 1626134 and 1626134 in ibdata files do not match the log sequence number 1626856 in the ib_logfiles!
2019-03-19 09:58:39 24188 [Note] InnoDB: Database was not shutdown normally!
2019-03-19 09:58:39 24188 [Note] InnoDB: Starting crash recovery.
2019-03-19 09:58:39 24188 [Note] InnoDB: Reading tablespace information from the .ibd files...
2019-03-19 09:58:39 24188 [Note] InnoDB: Restoring possible half-written data pages 
2019-03-19 09:58:39 24188 [Note] InnoDB: from the doublewrite buffer...
2019-03-19 09:58:40 24188 [Note] InnoDB: 128 rollback segment(s) are active.
2019-03-19 09:58:40 24188 [Note] InnoDB: Waiting for purge to start
2019-03-19 09:58:40 24188 [Note] InnoDB: 5.6.13 started; log sequence number 1626856
2019-03-19 09:58:40 24188 [Note] Server hostname (bind-address): '*'; port: 3307
2019-03-19 09:58:40 24188 [Note] IPv6 is available.
2019-03-19 09:58:40 24188 [Note]   - '::' resolves to '::';
2019-03-19 09:58:40 24188 [Note] Server socket created on IP: '::'.
2019-03-19 10:00:48 14772 [Note] Plugin 'FEDERATED' is disabled.
2019-03-19 10:00:48 14772 [Note] InnoDB: The InnoDB memory heap is disabled
2019-03-19 10:00:48 14772 [Note] InnoDB: Mutexes and rw_locks use Windows interlocked functions
2019-03-19 10:00:48 14772 [Note] InnoDB: Compressed tables use zlib 1.2.3
2019-03-19 10:00:48 14772 [Note] InnoDB: Not using CPU crc32 instructions
2019-03-19 10:00:48 14772 [Note] InnoDB: Initializing buffer pool, size = 128.0M
2019-03-19 10:00:48 14772 [Note] InnoDB: Completed initialization of buffer pool
2019-03-19 10:00:48 14772 [Note] InnoDB: Highest supported file format is Barracuda.
2019-03-19 10:00:48 14772 [Note] InnoDB: The log sequence numbers 1626134 and 1626134 in ibdata files do not match the log sequence number 1626866 in the ib_logfiles!
2019-03-19 10:00:48 14772 [Note] InnoDB: Database was not shutdown normally!
2019-03-19 10:00:48 14772 [Note] InnoDB: Starting crash recovery.
2019-03-19 10:00:48 14772 [Note] InnoDB: Reading tablespace information from the .ibd files...
2019-03-19 10:00:48 14772 [Note] InnoDB: Restoring possible half-written data pages 
2019-03-19 10:00:48 14772 [Note] InnoDB: from the doublewrite buffer...
2019-03-19 10:00:48 14772 [Note] InnoDB: 128 rollback segment(s) are active.
2019-03-19 10:00:48 14772 [Note] InnoDB: Waiting for purge to start
2019-03-19 10:00:49 14772 [Note] InnoDB: 5.6.13 started; log sequence number 1626866
2019-03-19 10:00:49 14772 [Note] Server hostname (bind-address): '*'; port: 3307
2019-03-19 10:00:49 14772 [Note] IPv6 is available.
2019-03-19 10:00:49 14772 [Note]   - '::' resolves to '::';
2019-03-19 10:00:49 14772 [Note] Server socket created on IP: '::'.
2019-03-19 10:01:53 19972 [Note] Plugin 'FEDERATED' is disabled.
2019-03-19 10:01:53 19972 [Note] InnoDB: The InnoDB memory heap is disabled
2019-03-19 10:01:53 19972 [Note] InnoDB: Mutexes and rw_locks use Windows interlocked functions
2019-03-19 10:01:53 19972 [Note] InnoDB: Compressed tables use zlib 1.2.3
2019-03-19 10:01:53 19972 [Note] InnoDB: Not using CPU crc32 instructions
2019-03-19 10:01:53 19972 [Note] InnoDB: Initializing buffer pool, size = 128.0M
2019-03-19 10:01:53 19972 [Note] InnoDB: Completed initialization of buffer pool
2019-03-19 10:01:53 19972 [Note] InnoDB: Highest supported file format is Barracuda.
2019-03-19 10:01:53 19972 [Note] InnoDB: The log sequence numbers 1626134 and 1626134 in ibdata files do not match the log sequence number 1626876 in the ib_logfiles!
2019-03-19 10:01:53 19972 [Note] InnoDB: Database was not shutdown normally!
2019-03-19 10:01:53 19972 [Note] InnoDB: Starting crash recovery.
2019-03-19 10:01:53 19972 [Note] InnoDB: Reading tablespace information from the .ibd files...
2019-03-19 10:01:53 19972 [Note] InnoDB: Restoring possible half-written data pages 
2019-03-19 10:01:53 19972 [Note] InnoDB: from the doublewrite buffer...
2019-03-19 10:01:54 19972 [Note] InnoDB: 128 rollback segment(s) are active.
2019-03-19 10:01:54 19972 [Note] InnoDB: Waiting for purge to start
2019-03-19 10:01:54 19972 [Note] InnoDB: 5.6.13 started; log sequence number 1626876
2019-03-19 10:01:54 19972 [Note] Server hostname (bind-address): '*'; port: 3307
2019-03-19 10:01:54 19972 [Note] IPv6 is available.
2019-03-19 10:01:54 19972 [Note]   - '::' resolves to '::';
2019-03-19 10:01:54 19972 [Note] Server socket created on IP: '::'.
2019-03-19 10:01:54 19972 [Note] Event Scheduler: Loaded 0 events
2019-03-19 10:01:54 19972 [Note] E:\server/mysql/bin/mysqld_usbwv8.exe: ready for connections.
Version: '5.6.13'  socket: ''  port: 3307  MySQL Community Server (GPL)
2019-03-19 10:28:10 15328 [Note] Plugin 'FEDERATED' is disabled.
2019-03-19 10:28:10 15328 [Note] InnoDB: The InnoDB memory heap is disabled
2019-03-19 10:28:10 15328 [Note] InnoDB: Mutexes and rw_locks use Windows interlocked functions
2019-03-19 10:28:10 15328 [Note] InnoDB: Compressed tables use zlib 1.2.3
2019-03-19 10:28:10 15328 [Note] InnoDB: Not using CPU crc32 instructions
2019-03-19 10:28:10 15328 [Note] InnoDB: Initializing buffer pool, size = 128.0M
2019-03-19 10:28:10 15328 [Note] InnoDB: Completed initialization of buffer pool
2019-03-19 10:28:10 15328 [Note] InnoDB: Highest supported file format is Barracuda.
2019-03-19 10:28:10 15328 [Note] InnoDB: The log sequence numbers 1626134 and 1626134 in ibdata files do not match the log sequence number 1626886 in the ib_logfiles!
2019-03-19 10:28:10 15328 [Note] InnoDB: Database was not shutdown normally!
2019-03-19 10:28:10 15328 [Note] InnoDB: Starting crash recovery.
2019-03-19 10:28:10 15328 [Note] InnoDB: Reading tablespace information from the .ibd files...
2019-03-19 10:28:10 15328 [Note] InnoDB: Restoring possible half-written data pages 
2019-03-19 10:28:10 15328 [Note] InnoDB: from the doublewrite buffer...
2019-03-19 10:28:14 15328 [Note] InnoDB: 128 rollback segment(s) are active.
2019-03-19 10:28:14 15328 [Note] InnoDB: Waiting for purge to start
2019-03-19 10:28:14 15328 [Note] InnoDB: 5.6.13 started; log sequence number 1626886
2019-03-19 10:28:14 15328 [Note] Server hostname (bind-address): '*'; port: 3307
2019-03-19 10:28:14 15328 [Note] IPv6 is available.
2019-03-19 10:28:14 15328 [Note]   - '::' resolves to '::';
2019-03-19 10:28:14 15328 [Note] Server socket created on IP: '::'.
2019-03-19 11:17:47 22900 [Note] Plugin 'FEDERATED' is disabled.
2019-03-19 11:17:47 22900 [Note] InnoDB: The InnoDB memory heap is disabled
2019-03-19 11:17:47 22900 [Note] InnoDB: Mutexes and rw_locks use Windows interlocked functions
2019-03-19 11:17:47 22900 [Note] InnoDB: Compressed tables use zlib 1.2.3
2019-03-19 11:17:47 22900 [Note] InnoDB: Not using CPU crc32 instructions
2019-03-19 11:17:47 22900 [Note] InnoDB: Initializing buffer pool, size = 128.0M
2019-03-19 11:17:48 22900 [Note] InnoDB: Completed initialization of buffer pool
2019-03-19 11:17:48 22900 [Note] InnoDB: Highest supported file format is Barracuda.
2019-03-19 11:17:48 22900 [Note] InnoDB: The log sequence numbers 1626134 and 1626134 in ibdata files do not match the log sequence number 1626896 in the ib_logfiles!
2019-03-19 11:17:48 22900 [Note] InnoDB: Database was not shutdown normally!
2019-03-19 11:17:48 22900 [Note] InnoDB: Starting crash recovery.
2019-03-19 11:17:48 22900 [Note] InnoDB: Reading tablespace information from the .ibd files...
2019-03-19 11:17:48 22900 [Note] InnoDB: Restoring possible half-written data pages 
2019-03-19 11:17:48 22900 [Note] InnoDB: from the doublewrite buffer...
2019-03-19 11:17:49 22900 [Note] InnoDB: 128 rollback segment(s) are active.
2019-03-19 11:17:50 22900 [Note] InnoDB: Waiting for purge to start
2019-03-19 11:17:50 22900 [Note] InnoDB: 5.6.13 started; log sequence number 1626896
2019-03-19 11:17:50 22900 [Note] Server hostname (bind-address): '*'; port: 3307
2019-03-19 11:17:50 22900 [Note] IPv6 is available.
2019-03-19 11:17:50 22900 [Note]   - '::' resolves to '::';
2019-03-19 11:17:50 22900 [Note] Server socket created on IP: '::'.
2019-03-19 11:17:51 22900 [Note] Event Scheduler: Loaded 0 events
2019-03-19 11:17:51 22900 [Note] E:\server/mysql/bin/mysqld_usbwv8.exe: ready for connections.
Version: '5.6.13'  socket: ''  port: 3307  MySQL Community Server (GPL)
2019-03-19 12:08:47 3508 [Note] Plugin 'FEDERATED' is disabled.
2019-03-19 12:08:47 3508 [Note] InnoDB: The InnoDB memory heap is disabled
2019-03-19 12:08:47 3508 [Note] InnoDB: Mutexes and rw_locks use Windows interlocked functions
2019-03-19 12:08:47 3508 [Note] InnoDB: Compressed tables use zlib 1.2.3
2019-03-19 12:08:47 3508 [Note] InnoDB: Not using CPU crc32 instructions
2019-03-19 12:08:47 3508 [Note] InnoDB: Initializing buffer pool, size = 128.0M
2019-03-19 12:08:47 3508 [Note] InnoDB: Completed initialization of buffer pool
2019-03-19 12:08:47 3508 [ERROR] InnoDB: E:\server\mysql\data\ibdata1 can't be opened in read-write mode
2019-03-19 12:08:47 3508 [ERROR] InnoDB: The system tablespace must be writable!
2019-03-19 12:08:47 3508 [ERROR] Plugin 'InnoDB' init function returned error.
2019-03-19 12:08:47 3508 [ERROR] Plugin 'InnoDB' registration as a STORAGE ENGINE failed.
2019-03-19 12:08:47 3508 [ERROR] Unknown/unsupported storage engine: InnoDB
2019-03-19 12:08:47 3508 [ERROR] Aborting

2019-03-19 12:08:47 3508 [Note] Binlog end
2019-03-19 12:08:47 3508 [Note] Shutting down plugin 'partition'
2019-03-19 12:08:47 3508 [Note] Shutting down plugin 'PERFORMANCE_SCHEMA'
2019-03-19 12:08:47 3508 [Note] Shutting down plugin 'INNODB_SYS_DATAFILES'
2019-03-19 12:08:47 3508 [Note] Shutting down plugin 'INNODB_SYS_TABLESPACES'
2019-03-19 12:08:47 3508 [Note] Shutting down plugin 'INNODB_SYS_FOREIGN_COLS'
2019-03-19 12:08:47 3508 [Note] Shutting down plugin 'INNODB_SYS_FOREIGN'
2019-03-19 12:08:47 3508 [Note] Shutting down plugin 'INNODB_SYS_FIELDS'
2019-03-19 12:08:47 3508 [Note] Shutting down plugin 'INNODB_SYS_COLUMNS'
2019-03-19 12:08:47 3508 [Note] Shutting down plugin 'INNODB_SYS_INDEXES'
2019-03-19 12:08:47 3508 [Note] Shutting down plugin 'INNODB_SYS_TABLESTATS'
2019-03-19 12:08:47 3508 [Note] Shutting down plugin 'INNODB_SYS_TABLES'
2019-03-19 12:08:47 3508 [Note] Shutting down plugin 'INNODB_FT_INDEX_TABLE'
2019-03-19 12:08:47 3508 [Note] Shutting down plugin 'INNODB_FT_INDEX_CACHE'
2019-03-19 12:08:47 3508 [Note] Shutting down plugin 'INNODB_FT_CONFIG'
2019-03-19 12:08:47 3508 [Note] Shutting down plugin 'INNODB_FT_BEING_DELETED'
2019-03-19 12:08:47 3508 [Note] Shutting down plugin 'INNODB_FT_DELETED'
2019-03-19 12:08:47 3508 [Note] Shutting down plugin 'INNODB_FT_DEFAULT_STOPWORD'
2019-03-19 12:08:47 3508 [Note] Shutting down plugin 'INNODB_METRICS'
2019-03-19 12:08:47 3508 [Note] Shutting down plugin 'INNODB_BUFFER_POOL_STATS'
2019-03-19 12:08:47 3508 [Note] Shutting down plugin 'INNODB_BUFFER_PAGE_LRU'
2019-03-19 12:08:47 3508 [Note] Shutting down plugin 'INNODB_BUFFER_PAGE'
2019-03-19 12:08:47 3508 [Note] Shutting down plugin 'INNODB_CMP_PER_INDEX_RESET'
2019-03-19 12:08:47 3508 [Note] Shutting down plugin 'INNODB_CMP_PER_INDEX'
2019-03-19 12:08:47 3508 [Note] Shutting down plugin 'INNODB_CMPMEM_RESET'
2019-03-19 12:08:47 3508 [Note] Shutting down plugin 'INNODB_CMPMEM'
2019-03-19 12:08:47 3508 [Note] Shutting down plugin 'INNODB_CMP_RESET'
2019-03-19 12:08:47 3508 [Note] Shutting down plugin 'INNODB_CMP'
2019-03-19 12:08:47 3508 [Note] Shutting down plugin 'INNODB_LOCK_WAITS'
2019-03-19 12:08:47 3508 [Note] Shutting down plugin 'INNODB_LOCKS'
2019-03-19 12:08:47 3508 [Note] Shutting down plugin 'INNODB_TRX'
2019-03-19 12:08:47 3508 [Note] Shutting down plugin 'BLACKHOLE'
2019-03-19 12:08:47 3508 [Note] Shutting down plugin 'ARCHIVE'
2019-03-19 12:08:47 3508 [Note] Shutting down plugin 'MRG_MYISAM'
2019-03-19 12:08:47 3508 [Note] Shutting down plugin 'MyISAM'
2019-03-19 12:08:47 3508 [Note] Shutting down plugin 'MEMORY'
2019-03-19 12:08:47 3508 [Note] Shutting down plugin 'CSV'
2019-03-19 12:08:47 3508 [Note] Shutting down plugin 'sha256_password'
2019-03-19 12:08:47 3508 [Note] Shutting down plugin 'mysql_old_password'
2019-03-19 12:08:47 3508 [Note] Shutting down plugin 'mysql_native_password'
2019-03-19 12:08:47 3508 [Note] Shutting down plugin 'binlog'
2019-03-19 12:08:47 3508 [Note] E:\server/mysql/bin/mysqld_usbwv8.exe: Shutdown complete

2019-03-19 12:16:01 19948 [Note] Plugin 'FEDERATED' is disabled.
2019-03-19 12:16:01 19948 [Note] InnoDB: The InnoDB memory heap is disabled
2019-03-19 12:16:01 19948 [Note] InnoDB: Mutexes and rw_locks use Windows interlocked functions
2019-03-19 12:16:01 19948 [Note] InnoDB: Compressed tables use zlib 1.2.3
2019-03-19 12:16:01 19948 [Note] InnoDB: Not using CPU crc32 instructions
2019-03-19 12:16:01 19948 [Note] InnoDB: Initializing buffer pool, size = 128.0M
2019-03-19 12:16:01 19948 [Note] InnoDB: Completed initialization of buffer pool
2019-03-19 12:16:01 19948 [Note] InnoDB: Highest supported file format is Barracuda.
2019-03-19 12:16:01 19948 [Note] InnoDB: The log sequence numbers 1626134 and 1626134 in ibdata files do not match the log sequence number 1626906 in the ib_logfiles!
2019-03-19 12:16:01 19948 [Note] InnoDB: Database was not shutdown normally!
2019-03-19 12:16:01 19948 [Note] InnoDB: Starting crash recovery.
2019-03-19 12:16:01 19948 [Note] InnoDB: Reading tablespace information from the .ibd files...
2019-03-19 12:16:02 19948 [Note] InnoDB: Restoring possible half-written data pages 
2019-03-19 12:16:02 19948 [Note] InnoDB: from the doublewrite buffer...
2019-03-19 12:16:03 19948 [Note] InnoDB: 128 rollback segment(s) are active.
2019-03-19 12:16:04 19948 [Note] InnoDB: Waiting for purge to start
2019-03-19 12:16:04 19948 [Note] InnoDB: 5.6.13 started; log sequence number 1626906
2019-03-19 12:16:04 19948 [Note] Server hostname (bind-address): '*'; port: 3307
2019-03-19 12:16:04 19948 [Note] IPv6 is available.
2019-03-19 12:16:04 19948 [Note]   - '::' resolves to '::';
2019-03-19 12:16:04 19948 [Note] Server socket created on IP: '::'.
2019-03-19 13:23:17 18852 [Note] Plugin 'FEDERATED' is disabled.
2019-03-19 13:23:18 18852 [Note] InnoDB: The InnoDB memory heap is disabled
2019-03-19 13:23:18 18852 [Note] InnoDB: Mutexes and rw_locks use Windows interlocked functions
2019-03-19 13:23:18 18852 [Note] InnoDB: Compressed tables use zlib 1.2.3
2019-03-19 13:23:18 18852 [Note] InnoDB: Not using CPU crc32 instructions
2019-03-19 13:23:18 18852 [Note] InnoDB: Initializing buffer pool, size = 128.0M
2019-03-19 13:23:18 18852 [Note] InnoDB: Completed initialization of buffer pool
2019-03-19 13:23:18 18852 [Note] InnoDB: Highest supported file format is Barracuda.
2019-03-19 13:23:18 18852 [Note] InnoDB: The log sequence numbers 1626134 and 1626134 in ibdata files do not match the log sequence number 1626916 in the ib_logfiles!
2019-03-19 13:23:18 18852 [Note] InnoDB: Database was not shutdown normally!
2019-03-19 13:23:18 18852 [Note] InnoDB: Starting crash recovery.
2019-03-19 13:23:18 18852 [Note] InnoDB: Reading tablespace information from the .ibd files...
2019-03-19 13:23:18 18852 [Note] InnoDB: Restoring possible half-written data pages 
2019-03-19 13:23:18 18852 [Note] InnoDB: from the doublewrite buffer...
2019-03-19 13:23:19 18852 [Note] InnoDB: 128 rollback segment(s) are active.
2019-03-19 13:23:19 18852 [Note] InnoDB: Waiting for purge to start
2019-03-19 13:23:19 18852 [Note] InnoDB: 5.6.13 started; log sequence number 1626916
2019-03-19 13:23:19 18852 [Note] Server hostname (bind-address): '*'; port: 3307
2019-03-19 13:23:19 18852 [Note] IPv6 is available.
2019-03-19 13:23:19 18852 [Note]   - '::' resolves to '::';
2019-03-19 13:23:19 18852 [Note] Server socket created on IP: '::'.
2019-03-19 13:23:19 18852 [ERROR] Can't start server: Bind on TCP/IP port: No such file or directory
2019-03-19 13:23:19 18852 [ERROR] Do you already have another mysqld server running on port: 3307 ?
2019-03-19 13:23:19 18852 [ERROR] Aborting

2019-03-19 13:23:19 18852 [Note] Binlog end
2019-03-19 13:23:19 18852 [Note] Shutting down plugin 'partition'
2019-03-19 13:23:19 18852 [Note] Shutting down plugin 'PERFORMANCE_SCHEMA'
2019-03-19 13:23:19 18852 [Note] Shutting down plugin 'INNODB_SYS_DATAFILES'
2019-03-19 13:23:19 18852 [Note] Shutting down plugin 'INNODB_SYS_TABLESPACES'
2019-03-19 13:23:19 18852 [Note] Shutting down plugin 'INNODB_SYS_FOREIGN_COLS'
2019-03-19 13:23:19 18852 [Note] Shutting down plugin 'INNODB_SYS_FOREIGN'
2019-03-19 13:23:19 18852 [Note] Shutting down plugin 'INNODB_SYS_FIELDS'
2019-03-19 13:23:19 18852 [Note] Shutting down plugin 'INNODB_SYS_COLUMNS'
2019-03-19 13:23:19 18852 [Note] Shutting down plugin 'INNODB_SYS_INDEXES'
2019-03-19 13:23:19 18852 [Note] Shutting down plugin 'INNODB_SYS_TABLESTATS'
2019-03-19 13:23:19 18852 [Note] Shutting down plugin 'INNODB_SYS_TABLES'
2019-03-19 13:23:19 18852 [Note] Shutting down plugin 'INNODB_FT_INDEX_TABLE'
2019-03-19 13:23:19 18852 [Note] Shutting down plugin 'INNODB_FT_INDEX_CACHE'
2019-03-19 13:23:19 18852 [Note] Shutting down plugin 'INNODB_FT_CONFIG'
2019-03-19 13:23:19 18852 [Note] Shutting down plugin 'INNODB_FT_BEING_DELETED'
2019-03-19 13:23:19 18852 [Note] Shutting down plugin 'INNODB_FT_DELETED'
2019-03-19 13:23:19 18852 [Note] Shutting down plugin 'INNODB_FT_DEFAULT_STOPWORD'
2019-03-19 13:23:19 18852 [Note] Shutting down plugin 'INNODB_METRICS'
2019-03-19 13:23:19 18852 [Note] Shutting down plugin 'INNODB_BUFFER_POOL_STATS'
2019-03-19 13:23:19 18852 [Note] Shutting down plugin 'INNODB_BUFFER_PAGE_LRU'
2019-03-19 13:23:19 18852 [Note] Shutting down plugin 'INNODB_BUFFER_PAGE'
2019-03-19 13:23:19 18852 [Note] Shutting down plugin 'INNODB_CMP_PER_INDEX_RESET'
2019-03-19 13:23:19 18852 [Note] Shutting down plugin 'INNODB_CMP_PER_INDEX'
2019-03-19 13:23:19 18852 [Note] Shutting down plugin 'INNODB_CMPMEM_RESET'
2019-03-19 13:23:19 18852 [Note] Shutting down plugin 'INNODB_CMPMEM'
2019-03-19 13:23:19 18852 [Note] Shutting down plugin 'INNODB_CMP_RESET'
2019-03-19 13:23:19 18852 [Note] Shutting down plugin 'INNODB_CMP'
2019-03-19 13:23:19 18852 [Note] Shutting down plugin 'INNODB_LOCK_WAITS'
2019-03-19 13:23:19 18852 [Note] Shutting down plugin 'INNODB_LOCKS'
2019-03-19 13:23:19 18852 [Note] Shutting down plugin 'INNODB_TRX'
2019-03-19 13:23:19 18852 [Note] Shutting down plugin 'InnoDB'
2019-03-19 13:23:19 18852 [Note] InnoDB: FTS optimize thread exiting.
2019-03-19 13:23:19 18852 [Note] InnoDB: Starting shutdown...
2019-03-19 13:23:20 18852 [Note] InnoDB: Shutdown completed; log sequence number 1626926
2019-03-19 13:23:20 18852 [Note] Shutting down plugin 'BLACKHOLE'
2019-03-19 13:23:20 18852 [Note] Shutting down plugin 'ARCHIVE'
2019-03-19 13:23:20 18852 [Note] Shutting down plugin 'MRG_MYISAM'
2019-03-19 13:23:20 18852 [Note] Shutting down plugin 'MyISAM'
2019-03-19 13:23:20 18852 [Note] Shutting down plugin 'MEMORY'
2019-03-19 13:23:20 18852 [Note] Shutting down plugin 'CSV'
2019-03-19 13:23:20 18852 [Note] Shutting down plugin 'sha256_password'
2019-03-19 13:23:20 18852 [Note] Shutting down plugin 'mysql_old_password'
2019-03-19 13:23:20 18852 [Note] Shutting down plugin 'mysql_native_password'
2019-03-19 13:23:20 18852 [Note] Shutting down plugin 'binlog'
2019-03-19 13:23:20 18852 [Note] E:\server/mysql/bin/mysqld_usbwv8.exe: Shutdown complete

2019-03-19 13:28:40 11448 [Note] Plugin 'FEDERATED' is disabled.
2019-03-19 13:28:40 11448 [Note] InnoDB: The InnoDB memory heap is disabled
2019-03-19 13:28:40 11448 [Note] InnoDB: Mutexes and rw_locks use Windows interlocked functions
2019-03-19 13:28:40 11448 [Note] InnoDB: Compressed tables use zlib 1.2.3
2019-03-19 13:28:40 11448 [Note] InnoDB: Not using CPU crc32 instructions
2019-03-19 13:28:40 11448 [Note] InnoDB: Initializing buffer pool, size = 128.0M
2019-03-19 13:28:40 11448 [Note] InnoDB: Completed initialization of buffer pool
2019-03-19 13:28:40 11448 [Note] InnoDB: Highest supported file format is Barracuda.
2019-03-19 13:28:41 11448 [Note] InnoDB: 128 rollback segment(s) are active.
2019-03-19 13:28:41 11448 [Note] InnoDB: Waiting for purge to start
2019-03-19 13:28:41 11448 [Note] InnoDB: 5.6.13 started; log sequence number 1626926
2019-03-19 13:28:41 11448 [Note] Server hostname (bind-address): '*'; port: 3307
2019-03-19 13:28:41 11448 [Note] IPv6 is available.
2019-03-19 13:28:41 11448 [Note]   - '::' resolves to '::';
2019-03-19 13:28:41 11448 [Note] Server socket created on IP: '::'.
2019-03-19 13:28:41 11448 [Note] Event Scheduler: Loaded 0 events
2019-03-19 13:28:41 11448 [Note] E:\server/mysql/bin/mysqld_usbwv8.exe: ready for connections.
Version: '5.6.13'  socket: ''  port: 3307  MySQL Community Server (GPL)
2019-03-19 13:30:58 6228 [Note] Plugin 'FEDERATED' is disabled.
2019-03-19 13:30:58 6228 [Note] InnoDB: The InnoDB memory heap is disabled
2019-03-19 13:30:58 6228 [Note] InnoDB: Mutexes and rw_locks use Windows interlocked functions
2019-03-19 13:30:58 6228 [Note] InnoDB: Compressed tables use zlib 1.2.3
2019-03-19 13:30:58 6228 [Note] InnoDB: Not using CPU crc32 instructions
2019-03-19 13:30:58 6228 [Note] InnoDB: Initializing buffer pool, size = 128.0M
2019-03-19 13:30:58 6228 [Note] InnoDB: Completed initialization of buffer pool
2019-03-19 13:30:58 6228 [Note] InnoDB: Highest supported file format is Barracuda.
2019-03-19 13:30:58 6228 [Note] InnoDB: The log sequence numbers 1626926 and 1626926 in ibdata files do not match the log sequence number 1626936 in the ib_logfiles!
2019-03-19 13:30:58 6228 [Note] InnoDB: Database was not shutdown normally!
2019-03-19 13:30:58 6228 [Note] InnoDB: Starting crash recovery.
2019-03-19 13:30:58 6228 [Note] InnoDB: Reading tablespace information from the .ibd files...
2019-03-19 13:30:58 6228 [Note] InnoDB: Restoring possible half-written data pages 
2019-03-19 13:30:58 6228 [Note] InnoDB: from the doublewrite buffer...
2019-03-19 13:30:59 6228 [Note] InnoDB: 128 rollback segment(s) are active.
2019-03-19 13:30:59 6228 [Note] InnoDB: Waiting for purge to start
2019-03-19 13:30:59 6228 [Note] InnoDB: 5.6.13 started; log sequence number 1626936
2019-03-19 13:30:59 6228 [Note] Server hostname (bind-address): '*'; port: 3307
2019-03-19 13:30:59 6228 [Note] IPv6 is available.
2019-03-19 13:30:59 6228 [Note]   - '::' resolves to '::';
2019-03-19 13:30:59 6228 [Note] Server socket created on IP: '::'.
2019-03-19 13:32:55 14476 [Note] Plugin 'FEDERATED' is disabled.
2019-03-19 13:32:55 14476 [Note] InnoDB: The InnoDB memory heap is disabled
2019-03-19 13:32:55 14476 [Note] InnoDB: Mutexes and rw_locks use Windows interlocked functions
2019-03-19 13:32:55 14476 [Note] InnoDB: Compressed tables use zlib 1.2.3
2019-03-19 13:32:55 14476 [Note] InnoDB: Not using CPU crc32 instructions
2019-03-19 13:32:55 14476 [Note] InnoDB: Initializing buffer pool, size = 128.0M
2019-03-19 13:32:55 14476 [Note] InnoDB: Completed initialization of buffer pool
2019-03-19 13:32:55 14476 [Note] InnoDB: Highest supported file format is Barracuda.
2019-03-19 13:32:55 14476 [Note] InnoDB: The log sequence numbers 1626926 and 1626926 in ibdata files do not match the log sequence number 1626946 in the ib_logfiles!
2019-03-19 13:32:55 14476 [Note] InnoDB: Database was not shutdown normally!
2019-03-19 13:32:55 14476 [Note] InnoDB: Starting crash recovery.
2019-03-19 13:32:55 14476 [Note] InnoDB: Reading tablespace information from the .ibd files...
2019-03-19 13:32:55 14476 [Note] InnoDB: Restoring possible half-written data pages 
2019-03-19 13:32:55 14476 [Note] InnoDB: from the doublewrite buffer...
2019-03-19 13:32:56 14476 [Note] InnoDB: 128 rollback segment(s) are active.
2019-03-19 13:32:56 14476 [Note] InnoDB: Waiting for purge to start
2019-03-19 13:32:56 14476 [Note] InnoDB: 5.6.13 started; log sequence number 1626946
2019-03-19 13:32:56 14476 [Note] Server hostname (bind-address): '*'; port: 3307
2019-03-19 13:32:56 14476 [Note] IPv6 is available.
2019-03-19 13:32:56 14476 [Note]   - '::' resolves to '::';
2019-03-19 13:32:56 14476 [Note] Server socket created on IP: '::'.
2019-03-19 13:32:56 14476 [Note] Event Scheduler: Loaded 0 events
2019-03-19 13:32:56 14476 [Note] E:\server/mysql/bin/mysqld_usbwv8.exe: ready for connections.
Version: '5.6.13'  socket: ''  port: 3307  MySQL Community Server (GPL)
2019-03-19 13:34:37 11432 [Note] Plugin 'FEDERATED' is disabled.
2019-03-19 13:34:37 11432 [Note] InnoDB: The InnoDB memory heap is disabled
2019-03-19 13:34:37 11432 [Note] InnoDB: Mutexes and rw_locks use Windows interlocked functions
2019-03-19 13:34:37 11432 [Note] InnoDB: Compressed tables use zlib 1.2.3
2019-03-19 13:34:37 11432 [Note] InnoDB: Not using CPU crc32 instructions
2019-03-19 13:34:37 11432 [Note] InnoDB: Initializing buffer pool, size = 128.0M
2019-03-19 13:34:37 11432 [Note] InnoDB: Completed initialization of buffer pool
2019-03-19 13:34:37 11432 [Note] InnoDB: Highest supported file format is Barracuda.
2019-03-19 13:34:37 11432 [Note] InnoDB: The log sequence numbers 1626926 and 1626926 in ibdata files do not match the log sequence number 1626956 in the ib_logfiles!
2019-03-19 13:34:37 11432 [Note] InnoDB: Database was not shutdown normally!
2019-03-19 13:34:37 11432 [Note] InnoDB: Starting crash recovery.
2019-03-19 13:34:37 11432 [Note] InnoDB: Reading tablespace information from the .ibd files...
2019-03-19 13:34:38 11432 [Note] InnoDB: Restoring possible half-written data pages 
2019-03-19 13:34:38 11432 [Note] InnoDB: from the doublewrite buffer...
2019-03-19 13:34:38 11432 [Note] InnoDB: 128 rollback segment(s) are active.
2019-03-19 13:34:38 11432 [Note] InnoDB: Waiting for purge to start
2019-03-19 13:34:38 11432 [Note] InnoDB: 5.6.13 started; log sequence number 1626956
2019-03-19 13:34:38 11432 [Note] Server hostname (bind-address): '*'; port: 3307
2019-03-19 13:34:38 11432 [Note] IPv6 is available.
2019-03-19 13:34:38 11432 [Note]   - '::' resolves to '::';
2019-03-19 13:34:38 11432 [Note] Server socket created on IP: '::'.
2019-03-19 13:34:39 11432 [Note] Event Scheduler: Loaded 0 events
2019-03-19 13:34:39 11432 [Note] E:\server/mysql/bin/mysqld_usbwv8.exe: ready for connections.
Version: '5.6.13'  socket: ''  port: 3307  MySQL Community Server (GPL)
2019-03-19 13:36:25 19860 [Note] Plugin 'FEDERATED' is disabled.
2019-03-19 13:36:25 19860 [Note] InnoDB: The InnoDB memory heap is disabled
2019-03-19 13:36:25 19860 [Note] InnoDB: Mutexes and rw_locks use Windows interlocked functions
2019-03-19 13:36:25 19860 [Note] InnoDB: Compressed tables use zlib 1.2.3
2019-03-19 13:36:25 19860 [Note] InnoDB: Not using CPU crc32 instructions
2019-03-19 13:36:25 19860 [Note] InnoDB: Initializing buffer pool, size = 128.0M
2019-03-19 13:36:25 19860 [Note] InnoDB: Completed initialization of buffer pool
2019-03-19 13:36:25 19860 [Note] InnoDB: Highest supported file format is Barracuda.
2019-03-19 13:36:25 19860 [Note] InnoDB: The log sequence numbers 1626926 and 1626926 in ibdata files do not match the log sequence number 1626966 in the ib_logfiles!
2019-03-19 13:36:25 19860 [Note] InnoDB: Database was not shutdown normally!
2019-03-19 13:36:25 19860 [Note] InnoDB: Starting crash recovery.
2019-03-19 13:36:25 19860 [Note] InnoDB: Reading tablespace information from the .ibd files...
2019-03-19 13:36:26 19860 [Note] InnoDB: Restoring possible half-written data pages 
2019-03-19 13:36:26 19860 [Note] InnoDB: from the doublewrite buffer...
2019-03-19 13:36:26 19860 [Note] InnoDB: 128 rollback segment(s) are active.
2019-03-19 13:36:26 19860 [Note] InnoDB: Waiting for purge to start
2019-03-19 13:36:26 19860 [Note] InnoDB: 5.6.13 started; log sequence number 1626966
2019-03-19 13:36:26 19860 [Note] Server hostname (bind-address): '*'; port: 3307
2019-03-19 13:36:26 19860 [Note] IPv6 is available.
2019-03-19 13:36:26 19860 [Note]   - '::' resolves to '::';
2019-03-19 13:36:26 19860 [Note] Server socket created on IP: '::'.
2019-03-19 13:37:19 18032 [Note] Plugin 'FEDERATED' is disabled.
2019-03-19 13:37:19 18032 [Note] InnoDB: The InnoDB memory heap is disabled
2019-03-19 13:37:19 18032 [Note] InnoDB: Mutexes and rw_locks use Windows interlocked functions
2019-03-19 13:37:19 18032 [Note] InnoDB: Compressed tables use zlib 1.2.3
2019-03-19 13:37:19 18032 [Note] InnoDB: Not using CPU crc32 instructions
2019-03-19 13:37:19 18032 [Note] InnoDB: Initializing buffer pool, size = 128.0M
2019-03-19 13:37:19 18032 [Note] InnoDB: Completed initialization of buffer pool
2019-03-19 13:37:19 18032 [Note] InnoDB: Highest supported file format is Barracuda.
2019-03-19 13:37:19 18032 [Note] InnoDB: The log sequence numbers 1626926 and 1626926 in ibdata files do not match the log sequence number 1626976 in the ib_logfiles!
2019-03-19 13:37:19 18032 [Note] InnoDB: Database was not shutdown normally!
2019-03-19 13:37:19 18032 [Note] InnoDB: Starting crash recovery.
2019-03-19 13:37:19 18032 [Note] InnoDB: Reading tablespace information from the .ibd files...
2019-03-19 13:37:19 18032 [Note] InnoDB: Restoring possible half-written data pages 
2019-03-19 13:37:19 18032 [Note] InnoDB: from the doublewrite buffer...
2019-03-19 13:37:19 18032 [Note] InnoDB: 128 rollback segment(s) are active.
2019-03-19 13:37:19 18032 [Note] InnoDB: Waiting for purge to start
2019-03-19 13:37:19 18032 [Note] InnoDB: 5.6.13 started; log sequence number 1626976
2019-03-19 13:37:19 18032 [Note] Server hostname (bind-address): '*'; port: 3307
2019-03-19 13:37:19 18032 [Note] IPv6 is available.
2019-03-19 13:37:19 18032 [Note]   - '::' resolves to '::';
2019-03-19 13:37:19 18032 [Note] Server socket created on IP: '::'.
2019-03-19 13:37:35 3392 [Note] Plugin 'FEDERATED' is disabled.
2019-03-19 13:37:35 3392 [Note] InnoDB: The InnoDB memory heap is disabled
2019-03-19 13:37:35 3392 [Note] InnoDB: Mutexes and rw_locks use Windows interlocked functions
2019-03-19 13:37:35 3392 [Note] InnoDB: Compressed tables use zlib 1.2.3
2019-03-19 13:37:35 3392 [Note] InnoDB: Not using CPU crc32 instructions
2019-03-19 13:37:35 3392 [Note] InnoDB: Initializing buffer pool, size = 128.0M
2019-03-19 13:37:35 3392 [Note] InnoDB: Completed initialization of buffer pool
2019-03-19 13:37:35 3392 [Note] InnoDB: Highest supported file format is Barracuda.
2019-03-19 13:37:35 3392 [Note] InnoDB: The log sequence numbers 1626926 and 1626926 in ibdata files do not match the log sequence number 1626986 in the ib_logfiles!
2019-03-19 13:37:35 3392 [Note] InnoDB: Database was not shutdown normally!
2019-03-19 13:37:35 3392 [Note] InnoDB: Starting crash recovery.
2019-03-19 13:37:35 3392 [Note] InnoDB: Reading tablespace information from the .ibd files...
2019-03-19 13:37:35 3392 [Note] InnoDB: Restoring possible half-written data pages 
2019-03-19 13:37:35 3392 [Note] InnoDB: from the doublewrite buffer...
2019-03-19 13:37:36 3392 [Note] InnoDB: 128 rollback segment(s) are active.
2019-03-19 13:37:36 3392 [Note] InnoDB: Waiting for purge to start
2019-03-19 13:37:36 3392 [Note] InnoDB: 5.6.13 started; log sequence number 1626986
2019-03-19 13:37:36 3392 [Note] Server hostname (bind-address): '*'; port: 3307
2019-03-19 13:37:36 3392 [Note] IPv6 is available.
2019-03-19 13:37:36 3392 [Note]   - '::' resolves to '::';
2019-03-19 13:37:36 3392 [Note] Server socket created on IP: '::'.
2019-03-19 14:41:36 19380 [Note] Plugin 'FEDERATED' is disabled.
2019-03-19 14:41:36 19380 [Note] InnoDB: The InnoDB memory heap is disabled
2019-03-19 14:41:36 19380 [Note] InnoDB: Mutexes and rw_locks use Windows interlocked functions
2019-03-19 14:41:36 19380 [Note] InnoDB: Compressed tables use zlib 1.2.3
2019-03-19 14:41:37 19380 [Note] InnoDB: Not using CPU crc32 instructions
2019-03-19 14:41:37 19380 [Note] InnoDB: Initializing buffer pool, size = 128.0M
2019-03-19 14:41:37 19380 [Note] InnoDB: Completed initialization of buffer pool
2019-03-19 14:41:37 19380 [Note] InnoDB: Highest supported file format is Barracuda.
2019-03-19 14:41:37 19380 [Note] InnoDB: The log sequence numbers 1626926 and 1626926 in ibdata files do not match the log sequence number 1626996 in the ib_logfiles!
2019-03-19 14:41:37 19380 [Note] InnoDB: Database was not shutdown normally!
2019-03-19 14:41:37 19380 [Note] InnoDB: Starting crash recovery.
2019-03-19 14:41:37 19380 [Note] InnoDB: Reading tablespace information from the .ibd files...
2019-03-19 14:41:37 19380 [Note] InnoDB: Restoring possible half-written data pages 
2019-03-19 14:41:37 19380 [Note] InnoDB: from the doublewrite buffer...
2019-03-19 14:41:37 19380 [Note] InnoDB: 128 rollback segment(s) are active.
2019-03-19 14:41:37 19380 [Note] InnoDB: Waiting for purge to start
2019-03-19 14:41:37 19380 [Note] InnoDB: 5.6.13 started; log sequence number 1626996
2019-03-19 14:41:37 19380 [Note] Server hostname (bind-address): '*'; port: 3307
2019-03-19 14:41:37 19380 [Note] IPv6 is available.
2019-03-19 14:41:37 19380 [Note]   - '::' resolves to '::';
2019-03-19 14:41:37 19380 [Note] Server socket created on IP: '::'.
2019-03-19 14:47:28 1680 [Note] Plugin 'FEDERATED' is disabled.
2019-03-19 14:47:28 1680 [Note] InnoDB: The InnoDB memory heap is disabled
2019-03-19 14:47:28 1680 [Note] InnoDB: Mutexes and rw_locks use Windows interlocked functions
2019-03-19 14:47:28 1680 [Note] InnoDB: Compressed tables use zlib 1.2.3
2019-03-19 14:47:28 1680 [Note] InnoDB: Not using CPU crc32 instructions
2019-03-19 14:47:28 1680 [Note] InnoDB: Initializing buffer pool, size = 128.0M
2019-03-19 14:47:28 1680 [Note] InnoDB: Completed initialization of buffer pool
2019-03-19 14:47:29 1680 [Note] InnoDB: Highest supported file format is Barracuda.
2019-03-19 14:47:29 1680 [Note] InnoDB: The log sequence numbers 1626926 and 1626926 in ibdata files do not match the log sequence number 1627006 in the ib_logfiles!
2019-03-19 14:47:29 1680 [Note] InnoDB: Database was not shutdown normally!
2019-03-19 14:47:29 1680 [Note] InnoDB: Starting crash recovery.
2019-03-19 14:47:29 1680 [Note] InnoDB: Reading tablespace information from the .ibd files...
2019-03-19 14:47:29 1680 [Note] InnoDB: Restoring possible half-written data pages 
2019-03-19 14:47:29 1680 [Note] InnoDB: from the doublewrite buffer...
2019-03-19 14:47:30 1680 [Note] InnoDB: 128 rollback segment(s) are active.
2019-03-19 14:47:30 1680 [Note] InnoDB: Waiting for purge to start
2019-03-19 14:47:30 1680 [Note] InnoDB: 5.6.13 started; log sequence number 1627006
2019-03-19 14:47:30 1680 [Note] Server hostname (bind-address): '*'; port: 3307
2019-03-19 14:47:30 1680 [Note] IPv6 is available.
2019-03-19 14:47:30 1680 [Note]   - '::' resolves to '::';
2019-03-19 14:47:30 1680 [Note] Server socket created on IP: '::'.
2019-03-20 13:54:17 12528 [Note] Plugin 'FEDERATED' is disabled.
2019-03-20 13:54:17 12528 [Note] InnoDB: The InnoDB memory heap is disabled
2019-03-20 13:54:17 12528 [Note] InnoDB: Mutexes and rw_locks use Windows interlocked functions
2019-03-20 13:54:17 12528 [Note] InnoDB: Compressed tables use zlib 1.2.3
2019-03-20 13:54:17 12528 [Note] InnoDB: Not using CPU crc32 instructions
2019-03-20 13:54:17 12528 [Note] InnoDB: Initializing buffer pool, size = 128.0M
2019-03-20 13:54:17 12528 [Note] InnoDB: Completed initialization of buffer pool
2019-03-20 13:54:17 12528 [Note] InnoDB: Highest supported file format is Barracuda.
2019-03-20 13:54:17 12528 [Note] InnoDB: The log sequence numbers 1626926 and 1626926 in ibdata files do not match the log sequence number 1627016 in the ib_logfiles!
2019-03-20 13:54:17 12528 [Note] InnoDB: Database was not shutdown normally!
2019-03-20 13:54:17 12528 [Note] InnoDB: Starting crash recovery.
2019-03-20 13:54:17 12528 [Note] InnoDB: Reading tablespace information from the .ibd files...
2019-03-20 13:54:17 12528 [Note] InnoDB: Restoring possible half-written data pages 
2019-03-20 13:54:17 12528 [Note] InnoDB: from the doublewrite buffer...
2019-03-20 13:54:18 12528 [Note] InnoDB: 128 rollback segment(s) are active.
2019-03-20 13:54:18 12528 [Note] InnoDB: Waiting for purge to start
2019-03-20 13:54:18 12528 [Note] InnoDB: 5.6.13 started; log sequence number 1627016
2019-03-20 13:54:18 12528 [Note] Server hostname (bind-address): '*'; port: 3307
2019-03-20 13:54:18 12528 [Note] IPv6 is available.
2019-03-20 13:54:18 12528 [Note]   - '::' resolves to '::';
2019-03-20 13:54:18 12528 [Note] Server socket created on IP: '::'.
2019-03-20 13:54:19 12528 [Note] Event Scheduler: Loaded 0 events
2019-03-20 13:54:19 12528 [Note] E:\server/mysql/bin/mysqld_usbwv8.exe: ready for connections.
Version: '5.6.13'  socket: ''  port: 3307  MySQL Community Server (GPL)
2019-03-20 14:21:02 14936 [Note] Plugin 'FEDERATED' is disabled.
2019-03-20 14:21:02 14936 [Note] InnoDB: The InnoDB memory heap is disabled
2019-03-20 14:21:02 14936 [Note] InnoDB: Mutexes and rw_locks use Windows interlocked functions
2019-03-20 14:21:02 14936 [Note] InnoDB: Compressed tables use zlib 1.2.3
2019-03-20 14:21:02 14936 [Note] InnoDB: Not using CPU crc32 instructions
2019-03-20 14:21:02 14936 [Note] InnoDB: Initializing buffer pool, size = 128.0M
2019-03-20 14:21:02 14936 [Note] InnoDB: Completed initialization of buffer pool
2019-03-20 14:21:02 14936 [Note] InnoDB: Highest supported file format is Barracuda.
2019-03-20 14:21:02 14936 [Note] InnoDB: The log sequence numbers 1626926 and 1626926 in ibdata files do not match the log sequence number 1627036 in the ib_logfiles!
2019-03-20 14:21:02 14936 [Note] InnoDB: Database was not shutdown normally!
2019-03-20 14:21:02 14936 [Note] InnoDB: Starting crash recovery.
2019-03-20 14:21:02 14936 [Note] InnoDB: Reading tablespace information from the .ibd files...
2019-03-20 14:21:03 14936 [Note] InnoDB: Restoring possible half-written data pages 
2019-03-20 14:21:03 14936 [Note] InnoDB: from the doublewrite buffer...
2019-03-20 14:21:03 14936 [Note] InnoDB: 128 rollback segment(s) are active.
2019-03-20 14:21:03 14936 [Note] InnoDB: Waiting for purge to start
2019-03-20 14:21:03 14936 [Note] InnoDB: 5.6.13 started; log sequence number 1627036
2019-03-20 14:21:03 14936 [Note] Server hostname (bind-address): '*'; port: 3307
2019-03-20 14:21:03 14936 [Note] IPv6 is available.
2019-03-20 14:21:03 14936 [Note]   - '::' resolves to '::';
2019-03-20 14:21:03 14936 [Note] Server socket created on IP: '::'.
